{"C:\\Users\\guilherme.oliveira\\Documents\\Projetos-Backend\\Integração-Cigam\\Backend-Integracao\\src\\config\\multer.ts": {"path":"C:\\Users\\guilherme.oliveira\\Documents\\Projetos-Backend\\Integração-Cigam\\Backend-Integracao\\src\\config\\multer.ts","statementMap":{"0":{"start":{"line":1,"column":0},"end":{"line":1,"column":52}},"1":{"start":{"line":2,"column":0},"end":{"line":2,"column":24}},"2":{"start":{"line":3,"column":0},"end":{"line":3,"column":20}},"3":{"start":{"line":5,"column":0},"end":{"line":5,"column":37}},"4":{"start":{"line":7,"column":17},"end":{"line":7,"column":71}},"5":{"start":{"line":9,"column":16},"end":{"line":26,"column":2}},"6":{"start":{"line":11,"column":4},"end":{"line":11,"column":48}},"7":{"start":{"line":12,"column":4},"end":{"line":12,"column":23}},"8":{"start":{"line":20,"column":22},"end":{"line":20,"column":32}},"9":{"start":{"line":21,"column":19},"end":{"line":21,"column":49}},"10":{"start":{"line":22,"column":16},"end":{"line":22,"column":61}},"11":{"start":{"line":24,"column":4},"end":{"line":24,"column":45}},"12":{"start":{"line":28,"column":19},"end":{"line":38,"column":1}},"13":{"start":{"line":33,"column":2},"end":{"line":35,"column":3}},"14":{"start":{"line":34,"column":4},"end":{"line":34,"column":64}},"15":{"start":{"line":37,"column":2},"end":{"line":37,"column":24}},"16":{"start":{"line":40,"column":13},"end":{"line":46,"column":3}}},"fnMap":{"0":{"name":"(anonymous_1)","decl":{"start":{"line":10,"column":15},"end":{"line":10,"column":16}},"loc":{"start":{"line":10,"column":65},"end":{"line":13,"column":3}}},"1":{"name":"(anonymous_2)","decl":{"start":{"line":15,"column":12},"end":{"line":15,"column":null}},"loc":{"start":{"line":19,"column":6},"end":{"line":25,"column":3}}},"2":{"name":"(anonymous_3)","decl":{"start":{"line":28,"column":19},"end":{"line":28,"column":null}},"loc":{"start":{"line":32,"column":4},"end":{"line":38,"column":1}}}},"branchMap":{"0":{"loc":{"start":{"line":33,"column":2},"end":{"line":35,"column":3}},"type":"if","locations":[{"start":{"line":33,"column":2},"end":{"line":35,"column":3}},{"start":{},"end":{}}]}},"s":{"0":1,"1":1,"2":1,"3":1,"4":1,"5":1,"6":0,"7":0,"8":0,"9":0,"10":0,"11":0,"12":1,"13":0,"14":0,"15":0,"16":1},"f":{"0":0,"1":0,"2":0},"b":{"0":[0,0]}}
,"C:\\Users\\guilherme.oliveira\\Documents\\Projetos-Backend\\Integração-Cigam\\Backend-Integracao\\src\\database\\sequelize.ts": {"path":"C:\\Users\\guilherme.oliveira\\Documents\\Projetos-Backend\\Integração-Cigam\\Backend-Integracao\\src\\database\\sequelize.ts","statementMap":{"0":{"start":{"line":58,"column":0},"end":{"line":58,"column":7}},"1":{"start":{"line":1,"column":0},"end":{"line":1,"column":47}},"2":{"start":{"line":2,"column":0},"end":{"line":2,"column":47}},"3":{"start":{"line":16,"column":28},"end":{"line":16,"column":65}},"4":{"start":{"line":18,"column":12},"end":{"line":18,"column":49}},"5":{"start":{"line":19,"column":17},"end":{"line":19,"column":28}},"6":{"start":{"line":21,"column":0},"end":{"line":23,"column":1}},"7":{"start":{"line":22,"column":2},"end":{"line":22,"column":82}},"8":{"start":{"line":25,"column":34},"end":{"line":33,"column":2}},"9":{"start":{"line":37,"column":20},"end":{"line":39,"column":13}},"10":{"start":{"line":41,"column":0},"end":{"line":56,"column":1}},"11":{"start":{"line":42,"column":2},"end":{"line":42,"column":59}},"12":{"start":{"line":43,"column":7},"end":{"line":56,"column":1}},"13":{"start":{"line":44,"column":2},"end":{"line":44,"column":46}},"14":{"start":{"line":46,"column":2},"end":{"line":48,"column":3}},"15":{"start":{"line":47,"column":4},"end":{"line":47,"column":80}},"16":{"start":{"line":50,"column":2},"end":{"line":55,"column":4}},"17":{"start":{"line":59,"column":2},"end":{"line":71,"column":3}},"18":{"start":{"line":60,"column":4},"end":{"line":60,"column":60}},"19":{"start":{"line":62,"column":4},"end":{"line":62,"column":35}},"20":{"start":{"line":64,"column":4},"end":{"line":64,"column":81}},"21":{"start":{"line":66,"column":20},"end":{"line":66,"column":74}},"22":{"start":{"line":68,"column":4},"end":{"line":68,"column":67}},"23":{"start":{"line":70,"column":4},"end":{"line":70,"column":16}}},"fnMap":{"0":{"name":"connectDatabase","decl":{"start":{"line":58,"column":22},"end":{"line":58,"column":37}},"loc":{"start":{"line":58,"column":37},"end":{"line":72,"column":1}}}},"branchMap":{"0":{"loc":{"start":{"line":18,"column":12},"end":{"line":18,"column":49}},"type":"binary-expr","locations":[{"start":{"line":18,"column":12},"end":{"line":18,"column":32}},{"start":{"line":18,"column":36},"end":{"line":18,"column":49}}]},"1":{"loc":{"start":{"line":21,"column":0},"end":{"line":23,"column":1}},"type":"if","locations":[{"start":{"line":21,"column":0},"end":{"line":23,"column":1}},{"start":{},"end":{}}]},"2":{"loc":{"start":{"line":37,"column":20},"end":{"line":39,"column":13}},"type":"cond-expr","locations":[{"start":{"line":38,"column":4},"end":{"line":38,"column":42}},{"start":{"line":39,"column":4},"end":{"line":39,"column":13}}]},"3":{"loc":{"start":{"line":41,"column":0},"end":{"line":56,"column":1}},"type":"if","locations":[{"start":{"line":41,"column":0},"end":{"line":56,"column":1}},{"start":{"line":43,"column":7},"end":{"line":56,"column":1}}]},"4":{"loc":{"start":{"line":43,"column":7},"end":{"line":56,"column":1}},"type":"if","locations":[{"start":{"line":43,"column":7},"end":{"line":56,"column":1}},{"start":{"line":45,"column":7},"end":{"line":56,"column":1}}]},"5":{"loc":{"start":{"line":46,"column":2},"end":{"line":48,"column":3}},"type":"if","locations":[{"start":{"line":46,"column":2},"end":{"line":48,"column":3}},{"start":{},"end":{}}]},"6":{"loc":{"start":{"line":46,"column":6},"end":{"line":46,"column":46}},"type":"binary-expr","locations":[{"start":{"line":46,"column":6},"end":{"line":46,"column":24}},{"start":{"line":46,"column":28},"end":{"line":46,"column":46}}]},"7":{"loc":{"start":{"line":53,"column":4},"end":{"line":53,"column":27}},"type":"binary-expr","locations":[{"start":{"line":53,"column":4},"end":{"line":53,"column":21}},{"start":{"line":53,"column":25},"end":{"line":53,"column":27}}]},"8":{"loc":{"start":{"line":66,"column":20},"end":{"line":66,"column":74}},"type":"cond-expr","locations":[{"start":{"line":66,"column":45},"end":{"line":66,"column":58}},{"start":{"line":66,"column":61},"end":{"line":66,"column":74}}]}},"s":{"0":1,"1":1,"2":1,"3":1,"4":1,"5":1,"6":1,"7":0,"8":1,"9":1,"10":1,"11":0,"12":1,"13":1,"14":0,"15":0,"16":0,"17":0,"18":0,"19":0,"20":0,"21":0,"22":0,"23":0},"f":{"0":0},"b":{"0":[1,0],"1":[0,1],"2":[0,1],"3":[0,1],"4":[1,0],"5":[0,0],"6":[0,0],"7":[0,0],"8":[0,0]}}
,"C:\\Users\\guilherme.oliveira\\Documents\\Projetos-Backend\\Integração-Cigam\\Backend-Integracao\\src\\database\\config\\database.ts": {"path":"C:\\Users\\guilherme.oliveira\\Documents\\Projetos-Backend\\Integração-Cigam\\Backend-Integracao\\src\\database\\config\\database.ts","statementMap":{"0":{"start":{"line":1,"column":0},"end":{"line":1,"column":23}},"1":{"start":{"line":11,"column":21},"end":{"line":11,"column":51}},"2":{"start":{"line":13,"column":25},"end":{"line":35,"column":2}},"3":{"start":{"line":37,"column":0},"end":{"line":37,"column":16}}},"fnMap":{},"branchMap":{"0":{"loc":{"start":{"line":16,"column":13},"end":{"line":16,"column":53}},"type":"binary-expr","locations":[{"start":{"line":16,"column":13},"end":{"line":16,"column":35}},{"start":{"line":16,"column":39},"end":{"line":16,"column":53}}]},"1":{"loc":{"start":{"line":22,"column":13},"end":{"line":22,"column":54}},"type":"binary-expr","locations":[{"start":{"line":22,"column":13},"end":{"line":22,"column":40}},{"start":{"line":22,"column":44},"end":{"line":22,"column":54}}]},"2":{"loc":{"start":{"line":29,"column":10},"end":{"line":29,"column":45}},"type":"binary-expr","locations":[{"start":{"line":29,"column":10},"end":{"line":29,"column":37}},{"start":{"line":29,"column":41},"end":{"line":29,"column":45}}]}},"s":{"0":1,"1":1,"2":1,"3":1},"f":{},"b":{"0":[1,1],"1":[1,1],"2":[1,0]}}
,"C:\\Users\\guilherme.oliveira\\Documents\\Projetos-Backend\\Integração-Cigam\\Backend-Integracao\\src\\database\\models\\Boleto.ts": {"path":"C:\\Users\\guilherme.oliveira\\Documents\\Projetos-Backend\\Integração-Cigam\\Backend-Integracao\\src\\database\\models\\Boleto.ts","statementMap":{"0":{"start":{"line":1,"column":0},"end":{"line":1,"column":63}},"1":{"start":{"line":2,"column":0},"end":{"line":2,"column":49}},"2":{"start":{"line":24,"column":0},"end":{"line":24,"column":13}},"3":{"start":{"line":42,"column":0},"end":{"line":117,"column":2}}},"fnMap":{},"branchMap":{},"s":{"0":1,"1":1,"2":1,"3":1},"f":{},"b":{}}
,"C:\\Users\\guilherme.oliveira\\Documents\\Projetos-Backend\\Integração-Cigam\\Backend-Integracao\\src\\modules\\boleto\\controllers\\boleto.controller.ts": {"path":"C:\\Users\\guilherme.oliveira\\Documents\\Projetos-Backend\\Integração-Cigam\\Backend-Integracao\\src\\modules\\boleto\\controllers\\boleto.controller.ts","statementMap":{"0":{"start":{"line":1,"column":0},"end":{"line":1,"column":46}},"1":{"start":{"line":3,"column":0},"end":{"line":3,"column":24}},"2":{"start":{"line":4,"column":0},"end":{"line":4,"column":20}},"3":{"start":{"line":5,"column":0},"end":{"line":5,"column":59}},"4":{"start":{"line":6,"column":0},"end":{"line":6,"column":88}},"5":{"start":{"line":7,"column":0},"end":{"line":7,"column":92}},"6":{"start":{"line":8,"column":0},"end":{"line":8,"column":66}},"7":{"start":{"line":10,"column":17},"end":{"line":10,"column":83}},"8":{"start":{"line":11,"column":20},"end":{"line":11,"column":86}},"9":{"start":{"line":14,"column":18},"end":{"line":14,"column":80}},"10":{"start":{"line":15,"column":2},"end":{"line":15,"column":45}},"11":{"start":{"line":15,"column":30},"end":{"line":15,"column":45}},"12":{"start":{"line":17,"column":15},"end":{"line":17,"column":42}},"13":{"start":{"line":18,"column":16},"end":{"line":18,"column":68}},"14":{"start":{"line":18,"column":31},"end":{"line":18,"column":67}},"15":{"start":{"line":19,"column":2},"end":{"line":21,"column":3}},"16":{"start":{"line":20,"column":4},"end":{"line":20,"column":62}},"17":{"start":{"line":23,"column":2},"end":{"line":23,"column":17}},"18":{"start":{"line":27,"column":7},"end":{"line":190,"column":null}},"19":{"start":{"line":30,"column":21},"end":{"line":30,"column":36}},"20":{"start":{"line":34,"column":4},"end":{"line":43,"column":5}},"21":{"start":{"line":36,"column":6},"end":{"line":38,"column":7}},"22":{"start":{"line":37,"column":8},"end":{"line":37,"column":126}},"23":{"start":{"line":39,"column":22},"end":{"line":39,"column":56}},"24":{"start":{"line":40,"column":6},"end":{"line":40,"column":65}},"25":{"start":{"line":42,"column":6},"end":{"line":42,"column":25}},"26":{"start":{"line":47,"column":4},"end":{"line":55,"column":5}},"27":{"start":{"line":48,"column":21},"end":{"line":48,"column":69}},"28":{"start":{"line":49,"column":6},"end":{"line":51,"column":7}},"29":{"start":{"line":50,"column":8},"end":{"line":50,"column":116}},"30":{"start":{"line":52,"column":6},"end":{"line":52,"column":60}},"31":{"start":{"line":54,"column":6},"end":{"line":54,"column":25}},"32":{"start":{"line":59,"column":4},"end":{"line":67,"column":5}},"33":{"start":{"line":60,"column":6},"end":{"line":62,"column":7}},"34":{"start":{"line":61,"column":8},"end":{"line":61,"column":126}},"35":{"start":{"line":63,"column":22},"end":{"line":63,"column":82}},"36":{"start":{"line":64,"column":6},"end":{"line":64,"column":65}},"37":{"start":{"line":66,"column":6},"end":{"line":66,"column":25}},"38":{"start":{"line":71,"column":4},"end":{"line":109,"column":5}},"39":{"start":{"line":72,"column":6},"end":{"line":74,"column":7}},"40":{"start":{"line":73,"column":8},"end":{"line":73,"column":87}},"41":{"start":{"line":76,"column":20},"end":{"line":76,"column":71}},"42":{"start":{"line":77,"column":6},"end":{"line":79,"column":7}},"43":{"start":{"line":78,"column":8},"end":{"line":78,"column":127}},"44":{"start":{"line":81,"column":24},"end":{"line":81,"column":51}},"45":{"start":{"line":83,"column":23},"end":{"line":85,"column":null}},"46":{"start":{"line":88,"column":6},"end":{"line":94,"column":7}},"47":{"start":{"line":89,"column":8},"end":{"line":89,"column":54}},"48":{"start":{"line":89,"column":14},"end":{"line":89,"column":43}},"49":{"start":{"line":90,"column":8},"end":{"line":93,"column":11}},"50":{"start":{"line":96,"column":25},"end":{"line":96,"column":69}},"51":{"start":{"line":97,"column":6},"end":{"line":97,"column":52}},"52":{"start":{"line":99,"column":24},"end":{"line":99,"column":64}},"53":{"start":{"line":100,"column":6},"end":{"line":100,"column":46}},"54":{"start":{"line":102,"column":21},"end":{"line":102,"column":63}},"55":{"start":{"line":103,"column":6},"end":{"line":103,"column":72}},"56":{"start":{"line":105,"column":6},"end":{"line":107,"column":7}},"57":{"start":{"line":106,"column":8},"end":{"line":106,"column":54}},"58":{"start":{"line":106,"column":14},"end":{"line":106,"column":43}},"59":{"start":{"line":108,"column":6},"end":{"line":108,"column":25}},"60":{"start":{"line":113,"column":4},"end":{"line":128,"column":5}},"61":{"start":{"line":114,"column":21},"end":{"line":114,"column":69}},"62":{"start":{"line":115,"column":6},"end":{"line":117,"column":7}},"63":{"start":{"line":116,"column":8},"end":{"line":116,"column":116}},"64":{"start":{"line":119,"column":23},"end":{"line":119,"column":48}},"65":{"start":{"line":121,"column":6},"end":{"line":123,"column":7}},"66":{"start":{"line":122,"column":8},"end":{"line":122,"column":63}},"67":{"start":{"line":125,"column":6},"end":{"line":125,"column":57}},"68":{"start":{"line":127,"column":6},"end":{"line":127,"column":25}},"69":{"start":{"line":132,"column":4},"end":{"line":144,"column":5}},"70":{"start":{"line":133,"column":21},"end":{"line":133,"column":69}},"71":{"start":{"line":135,"column":23},"end":{"line":135,"column":48}},"72":{"start":{"line":137,"column":6},"end":{"line":139,"column":7}},"73":{"start":{"line":138,"column":8},"end":{"line":138,"column":63}},"74":{"start":{"line":141,"column":6},"end":{"line":141,"column":57}},"75":{"start":{"line":143,"column":6},"end":{"line":143,"column":25}},"76":{"start":{"line":148,"column":4},"end":{"line":160,"column":5}},"77":{"start":{"line":149,"column":26},"end":{"line":149,"column":74}},"78":{"start":{"line":150,"column":6},"end":{"line":152,"column":7}},"79":{"start":{"line":151,"column":8},"end":{"line":151,"column":116}},"80":{"start":{"line":154,"column":20},"end":{"line":154,"column":52}},"81":{"start":{"line":155,"column":24},"end":{"line":155,"column":51}},"82":{"start":{"line":156,"column":21},"end":{"line":156,"column":78}},"83":{"start":{"line":157,"column":6},"end":{"line":157,"column":60}},"84":{"start":{"line":159,"column":6},"end":{"line":159,"column":25}},"85":{"start":{"line":164,"column":4},"end":{"line":174,"column":5}},"86":{"start":{"line":165,"column":21},"end":{"line":165,"column":69}},"87":{"start":{"line":166,"column":6},"end":{"line":168,"column":7}},"88":{"start":{"line":167,"column":8},"end":{"line":167,"column":116}},"89":{"start":{"line":170,"column":6},"end":{"line":170,"column":53}},"90":{"start":{"line":171,"column":6},"end":{"line":171,"column":36}},"91":{"start":{"line":173,"column":6},"end":{"line":173,"column":25}},"92":{"start":{"line":178,"column":4},"end":{"line":188,"column":5}},"93":{"start":{"line":179,"column":21},"end":{"line":179,"column":69}},"94":{"start":{"line":180,"column":6},"end":{"line":182,"column":7}},"95":{"start":{"line":181,"column":8},"end":{"line":181,"column":116}},"96":{"start":{"line":184,"column":6},"end":{"line":184,"column":57}},"97":{"start":{"line":185,"column":6},"end":{"line":185,"column":36}},"98":{"start":{"line":187,"column":6},"end":{"line":187,"column":25}},"99":{"start":{"line":27,"column":13},"end":{"line":27,"column":29}},"100":{"start":{"line":27,"column":13},"end":{"line":190,"column":null}}},"fnMap":{"0":{"name":"resolveBoletoPath","decl":{"start":{"line":13,"column":9},"end":{"line":13,"column":26}},"loc":{"start":{"line":13,"column":79},"end":{"line":24,"column":1}}},"1":{"name":"(anonymous_6)","decl":{"start":{"line":18,"column":26},"end":{"line":18,"column":27}},"loc":{"start":{"line":18,"column":31},"end":{"line":18,"column":67}}},"2":{"name":"(anonymous_7)","decl":{"start":{"line":28,"column":2},"end":{"line":28,"column":null}},"loc":{"start":{"line":30,"column":49},"end":{"line":31,"column":6}}},"3":{"name":"(anonymous_8)","decl":{"start":{"line":33,"column":2},"end":{"line":33,"column":7}},"loc":{"start":{"line":33,"column":63},"end":{"line":44,"column":3}}},"4":{"name":"(anonymous_9)","decl":{"start":{"line":46,"column":2},"end":{"line":46,"column":7}},"loc":{"start":{"line":46,"column":64},"end":{"line":56,"column":3}}},"5":{"name":"(anonymous_10)","decl":{"start":{"line":58,"column":2},"end":{"line":58,"column":7}},"loc":{"start":{"line":58,"column":69},"end":{"line":68,"column":3}}},"6":{"name":"(anonymous_11)","decl":{"start":{"line":70,"column":2},"end":{"line":70,"column":7}},"loc":{"start":{"line":70,"column":62},"end":{"line":110,"column":3}}},"7":{"name":"(anonymous_12)","decl":{"start":{"line":112,"column":2},"end":{"line":112,"column":7}},"loc":{"start":{"line":112,"column":64},"end":{"line":129,"column":3}}},"8":{"name":"(anonymous_13)","decl":{"start":{"line":131,"column":2},"end":{"line":131,"column":7}},"loc":{"start":{"line":131,"column":70},"end":{"line":145,"column":3}}},"9":{"name":"(anonymous_14)","decl":{"start":{"line":147,"column":2},"end":{"line":147,"column":7}},"loc":{"start":{"line":147,"column":62},"end":{"line":161,"column":3}}},"10":{"name":"(anonymous_15)","decl":{"start":{"line":163,"column":2},"end":{"line":163,"column":7}},"loc":{"start":{"line":163,"column":62},"end":{"line":175,"column":3}}},"11":{"name":"(anonymous_16)","decl":{"start":{"line":177,"column":2},"end":{"line":177,"column":7}},"loc":{"start":{"line":177,"column":66},"end":{"line":189,"column":3}}}},"branchMap":{"0":{"loc":{"start":{"line":15,"column":2},"end":{"line":15,"column":45}},"type":"if","locations":[{"start":{"line":15,"column":2},"end":{"line":15,"column":45}},{"start":{},"end":{}}]},"1":{"loc":{"start":{"line":19,"column":2},"end":{"line":21,"column":3}},"type":"if","locations":[{"start":{"line":19,"column":2},"end":{"line":21,"column":3}},{"start":{},"end":{}}]},"2":{"loc":{"start":{"line":36,"column":6},"end":{"line":38,"column":7}},"type":"if","locations":[{"start":{"line":36,"column":6},"end":{"line":38,"column":7}},{"start":{},"end":{}}]},"3":{"loc":{"start":{"line":49,"column":6},"end":{"line":51,"column":7}},"type":"if","locations":[{"start":{"line":49,"column":6},"end":{"line":51,"column":7}},{"start":{},"end":{}}]},"4":{"loc":{"start":{"line":49,"column":10},"end":{"line":49,"column":86}},"type":"binary-expr","locations":[{"start":{"line":49,"column":10},"end":{"line":49,"column":41}},{"start":{"line":49,"column":45},"end":{"line":49,"column":86}}]},"5":{"loc":{"start":{"line":60,"column":6},"end":{"line":62,"column":7}},"type":"if","locations":[{"start":{"line":60,"column":6},"end":{"line":62,"column":7}},{"start":{},"end":{}}]},"6":{"loc":{"start":{"line":60,"column":10},"end":{"line":60,"column":89}},"type":"binary-expr","locations":[{"start":{"line":60,"column":10},"end":{"line":60,"column":41}},{"start":{"line":60,"column":45},"end":{"line":60,"column":89}}]},"7":{"loc":{"start":{"line":72,"column":6},"end":{"line":74,"column":7}},"type":"if","locations":[{"start":{"line":72,"column":6},"end":{"line":74,"column":7}},{"start":{},"end":{}}]},"8":{"loc":{"start":{"line":77,"column":6},"end":{"line":79,"column":7}},"type":"if","locations":[{"start":{"line":77,"column":6},"end":{"line":79,"column":7}},{"start":{},"end":{}}]},"9":{"loc":{"start":{"line":77,"column":10},"end":{"line":77,"column":85}},"type":"binary-expr","locations":[{"start":{"line":77,"column":10},"end":{"line":77,"column":41}},{"start":{"line":77,"column":45},"end":{"line":77,"column":85}}]},"10":{"loc":{"start":{"line":88,"column":6},"end":{"line":94,"column":7}},"type":"if","locations":[{"start":{"line":88,"column":6},"end":{"line":94,"column":7}},{"start":{},"end":{}}]},"11":{"loc":{"start":{"line":105,"column":6},"end":{"line":107,"column":7}},"type":"if","locations":[{"start":{"line":105,"column":6},"end":{"line":107,"column":7}},{"start":{},"end":{}}]},"12":{"loc":{"start":{"line":115,"column":6},"end":{"line":117,"column":7}},"type":"if","locations":[{"start":{"line":115,"column":6},"end":{"line":117,"column":7}},{"start":{},"end":{}}]},"13":{"loc":{"start":{"line":115,"column":10},"end":{"line":115,"column":86}},"type":"binary-expr","locations":[{"start":{"line":115,"column":10},"end":{"line":115,"column":41}},{"start":{"line":115,"column":45},"end":{"line":115,"column":86}}]},"14":{"loc":{"start":{"line":121,"column":6},"end":{"line":123,"column":7}},"type":"if","locations":[{"start":{"line":121,"column":6},"end":{"line":123,"column":7}},{"start":{},"end":{}}]},"15":{"loc":{"start":{"line":137,"column":6},"end":{"line":139,"column":7}},"type":"if","locations":[{"start":{"line":137,"column":6},"end":{"line":139,"column":7}},{"start":{},"end":{}}]},"16":{"loc":{"start":{"line":150,"column":6},"end":{"line":152,"column":7}},"type":"if","locations":[{"start":{"line":150,"column":6},"end":{"line":152,"column":7}},{"start":{},"end":{}}]},"17":{"loc":{"start":{"line":150,"column":10},"end":{"line":150,"column":91}},"type":"binary-expr","locations":[{"start":{"line":150,"column":10},"end":{"line":150,"column":41}},{"start":{"line":150,"column":45},"end":{"line":150,"column":91}}]},"18":{"loc":{"start":{"line":166,"column":6},"end":{"line":168,"column":7}},"type":"if","locations":[{"start":{"line":166,"column":6},"end":{"line":168,"column":7}},{"start":{},"end":{}}]},"19":{"loc":{"start":{"line":166,"column":10},"end":{"line":166,"column":86}},"type":"binary-expr","locations":[{"start":{"line":166,"column":10},"end":{"line":166,"column":41}},{"start":{"line":166,"column":45},"end":{"line":166,"column":86}}]},"20":{"loc":{"start":{"line":180,"column":6},"end":{"line":182,"column":7}},"type":"if","locations":[{"start":{"line":180,"column":6},"end":{"line":182,"column":7}},{"start":{},"end":{}}]},"21":{"loc":{"start":{"line":180,"column":10},"end":{"line":180,"column":86}},"type":"binary-expr","locations":[{"start":{"line":180,"column":10},"end":{"line":180,"column":41}},{"start":{"line":180,"column":45},"end":{"line":180,"column":86}}]}},"s":{"0":1,"1":1,"2":1,"3":1,"4":1,"5":1,"6":1,"7":1,"8":1,"9":1,"10":1,"11":1,"12":0,"13":0,"14":0,"15":0,"16":0,"17":0,"18":1,"19":3,"20":0,"21":0,"22":0,"23":0,"24":0,"25":0,"26":0,"27":0,"28":0,"29":0,"30":0,"31":0,"32":0,"33":0,"34":0,"35":0,"36":0,"37":0,"38":2,"39":2,"40":1,"41":1,"42":1,"43":0,"44":1,"45":1,"46":1,"47":0,"48":0,"49":0,"50":1,"51":1,"52":1,"53":1,"54":1,"55":1,"56":0,"57":0,"58":0,"59":0,"60":1,"61":1,"62":1,"63":0,"64":1,"65":1,"66":0,"67":1,"68":0,"69":0,"70":0,"71":0,"72":0,"73":0,"74":0,"75":0,"76":0,"77":0,"78":0,"79":0,"80":0,"81":0,"82":0,"83":0,"84":0,"85":0,"86":0,"87":0,"88":0,"89":0,"90":0,"91":0,"92":0,"93":0,"94":0,"95":0,"96":0,"97":0,"98":0,"99":1,"100":1},"f":{"0":1,"1":0,"2":3,"3":0,"4":0,"5":0,"6":2,"7":1,"8":0,"9":0,"10":0,"11":0},"b":{"0":[1,0],"1":[0,0],"2":[0,0],"3":[0,0],"4":[0,0],"5":[0,0],"6":[0,0],"7":[1,1],"8":[0,1],"9":[1,1],"10":[0,1],"11":[0,0],"12":[0,1],"13":[1,1],"14":[0,1],"15":[0,0],"16":[0,0],"17":[0,0],"18":[0,0],"19":[0,0],"20":[0,0],"21":[0,0]}}
,"C:\\Users\\guilherme.oliveira\\Documents\\Projetos-Backend\\Integração-Cigam\\Backend-Integracao\\src\\modules\\boleto\\dto\\boleto.dto.ts": {"path":"C:\\Users\\guilherme.oliveira\\Documents\\Projetos-Backend\\Integração-Cigam\\Backend-Integracao\\src\\modules\\boleto\\dto\\boleto.dto.ts","statementMap":{"0":{"start":{"line":62,"column":4},"end":{"line":75,"column":6}},"1":{"start":{"line":60,"column":0},"end":{"line":60,"column":13}},"2":{"start":{"line":81,"column":4},"end":{"line":92,"column":6}},"3":{"start":{"line":79,"column":0},"end":{"line":79,"column":13}},"4":{"start":{"line":98,"column":4},"end":{"line":114,"column":6}},"5":{"start":{"line":96,"column":0},"end":{"line":96,"column":13}}},"fnMap":{"0":{"name":"(anonymous_0)","decl":{"start":{"line":61,"column":2},"end":{"line":61,"column":8}},"loc":{"start":{"line":61,"column":54},"end":{"line":76,"column":3}}},"1":{"name":"(anonymous_1)","decl":{"start":{"line":80,"column":2},"end":{"line":80,"column":8}},"loc":{"start":{"line":80,"column":33},"end":{"line":93,"column":3}}},"2":{"name":"(anonymous_2)","decl":{"start":{"line":97,"column":2},"end":{"line":97,"column":8}},"loc":{"start":{"line":97,"column":39},"end":{"line":115,"column":3}}}},"branchMap":{"0":{"loc":{"start":{"line":63,"column":25},"end":{"line":63,"column":50}},"type":"binary-expr","locations":[{"start":{"line":63,"column":25},"end":{"line":63,"column":44}},{"start":{"line":63,"column":48},"end":{"line":63,"column":50}}]},"1":{"loc":{"start":{"line":64,"column":27},"end":{"line":64,"column":54}},"type":"binary-expr","locations":[{"start":{"line":64,"column":27},"end":{"line":64,"column":48}},{"start":{"line":64,"column":52},"end":{"line":64,"column":54}}]},"2":{"loc":{"start":{"line":65,"column":22},"end":{"line":65,"column":44}},"type":"binary-expr","locations":[{"start":{"line":65,"column":22},"end":{"line":65,"column":38}},{"start":{"line":65,"column":42},"end":{"line":65,"column":44}}]},"3":{"loc":{"start":{"line":66,"column":23},"end":{"line":66,"column":46}},"type":"binary-expr","locations":[{"start":{"line":66,"column":23},"end":{"line":66,"column":40}},{"start":{"line":66,"column":44},"end":{"line":66,"column":46}}]},"4":{"loc":{"start":{"line":67,"column":22},"end":{"line":67,"column":44}},"type":"binary-expr","locations":[{"start":{"line":67,"column":22},"end":{"line":67,"column":38}},{"start":{"line":67,"column":42},"end":{"line":67,"column":44}}]},"5":{"loc":{"start":{"line":69,"column":29},"end":{"line":69,"column":58}},"type":"binary-expr","locations":[{"start":{"line":69,"column":29},"end":{"line":69,"column":52}},{"start":{"line":69,"column":56},"end":{"line":69,"column":58}}]},"6":{"loc":{"start":{"line":70,"column":18},"end":{"line":70,"column":86}},"type":"cond-expr","locations":[{"start":{"line":70,"column":40},"end":{"line":70,"column":74}},{"start":{"line":70,"column":77},"end":{"line":70,"column":86}}]},"7":{"loc":{"start":{"line":71,"column":13},"end":{"line":71,"column":71}},"type":"cond-expr","locations":[{"start":{"line":71,"column":30},"end":{"line":71,"column":59}},{"start":{"line":71,"column":62},"end":{"line":71,"column":71}}]},"8":{"loc":{"start":{"line":72,"column":22},"end":{"line":72,"column":98}},"type":"cond-expr","locations":[{"start":{"line":72,"column":48},"end":{"line":72,"column":86}},{"start":{"line":72,"column":89},"end":{"line":72,"column":98}}]},"9":{"loc":{"start":{"line":73,"column":24},"end":{"line":73,"column":104}},"type":"cond-expr","locations":[{"start":{"line":73,"column":52},"end":{"line":73,"column":92}},{"start":{"line":73,"column":95},"end":{"line":73,"column":104}}]},"10":{"loc":{"start":{"line":74,"column":14},"end":{"line":74,"column":82}},"type":"cond-expr","locations":[{"start":{"line":74,"column":46},"end":{"line":74,"column":70}},{"start":{"line":74,"column":73},"end":{"line":74,"column":82}}]},"11":{"loc":{"start":{"line":82,"column":20},"end":{"line":82,"column":92}},"type":"cond-expr","locations":[{"start":{"line":82,"column":44},"end":{"line":82,"column":80}},{"start":{"line":82,"column":83},"end":{"line":82,"column":92}}]},"12":{"loc":{"start":{"line":83,"column":15},"end":{"line":83,"column":77}},"type":"cond-expr","locations":[{"start":{"line":83,"column":34},"end":{"line":83,"column":65}},{"start":{"line":83,"column":68},"end":{"line":83,"column":77}}]},"13":{"loc":{"start":{"line":84,"column":16},"end":{"line":84,"column":80}},"type":"cond-expr","locations":[{"start":{"line":84,"column":36},"end":{"line":84,"column":68}},{"start":{"line":84,"column":71},"end":{"line":84,"column":80}}]},"14":{"loc":{"start":{"line":85,"column":15},"end":{"line":85,"column":77}},"type":"cond-expr","locations":[{"start":{"line":85,"column":34},"end":{"line":85,"column":65}},{"start":{"line":85,"column":68},"end":{"line":85,"column":77}}]},"15":{"loc":{"start":{"line":86,"column":22},"end":{"line":86,"column":98}},"type":"cond-expr","locations":[{"start":{"line":86,"column":48},"end":{"line":86,"column":86}},{"start":{"line":86,"column":89},"end":{"line":86,"column":98}}]},"16":{"loc":{"start":{"line":87,"column":18},"end":{"line":87,"column":86}},"type":"cond-expr","locations":[{"start":{"line":87,"column":40},"end":{"line":87,"column":74}},{"start":{"line":87,"column":77},"end":{"line":87,"column":86}}]},"17":{"loc":{"start":{"line":88,"column":13},"end":{"line":88,"column":71}},"type":"cond-expr","locations":[{"start":{"line":88,"column":30},"end":{"line":88,"column":59}},{"start":{"line":88,"column":62},"end":{"line":88,"column":71}}]},"18":{"loc":{"start":{"line":89,"column":22},"end":{"line":89,"column":98}},"type":"cond-expr","locations":[{"start":{"line":89,"column":48},"end":{"line":89,"column":86}},{"start":{"line":89,"column":89},"end":{"line":89,"column":98}}]},"19":{"loc":{"start":{"line":90,"column":24},"end":{"line":90,"column":104}},"type":"cond-expr","locations":[{"start":{"line":90,"column":52},"end":{"line":90,"column":92}},{"start":{"line":90,"column":95},"end":{"line":90,"column":104}}]},"20":{"loc":{"start":{"line":91,"column":14},"end":{"line":91,"column":82}},"type":"cond-expr","locations":[{"start":{"line":91,"column":46},"end":{"line":91,"column":70}},{"start":{"line":91,"column":73},"end":{"line":91,"column":82}}]}},"s":{"0":1,"1":1,"2":0,"3":1,"4":1,"5":1},"f":{"0":1,"1":0,"2":1},"b":{"0":[1,0],"1":[1,0],"2":[1,0],"3":[1,0],"4":[1,0],"5":[1,0],"6":[1,0],"7":[1,0],"8":[1,0],"9":[0,1],"10":[0,1],"11":[0,0],"12":[0,0],"13":[0,0],"14":[0,0],"15":[0,0],"16":[0,0],"17":[0,0],"18":[0,0],"19":[0,0],"20":[0,0]}}
,"C:\\Users\\guilherme.oliveira\\Documents\\Projetos-Backend\\Integração-Cigam\\Backend-Integracao\\src\\modules\\boleto\\errors\\boleto.errors.ts": {"path":"C:\\Users\\guilherme.oliveira\\Documents\\Projetos-Backend\\Integração-Cigam\\Backend-Integracao\\src\\modules\\boleto\\errors\\boleto.errors.ts","statementMap":{"0":{"start":{"line":1,"column":0},"end":{"line":1,"column":57}},"1":{"start":{"line":5,"column":4},"end":{"line":5,"column":51}},"2":{"start":{"line":3,"column":0},"end":{"line":3,"column":13}},"3":{"start":{"line":11,"column":4},"end":{"line":11,"column":51}},"4":{"start":{"line":9,"column":0},"end":{"line":9,"column":13}}},"fnMap":{"0":{"name":"(anonymous_0)","decl":{"start":{"line":4,"column":2},"end":{"line":4,"column":14}},"loc":{"start":{"line":4,"column":24},"end":{"line":6,"column":3}}},"1":{"name":"(anonymous_1)","decl":{"start":{"line":10,"column":2},"end":{"line":10,"column":14}},"loc":{"start":{"line":10,"column":30},"end":{"line":12,"column":3}}}},"branchMap":{},"s":{"0":2,"1":1,"2":2,"3":1,"4":2},"f":{"0":1,"1":1},"b":{}}
,"C:\\Users\\guilherme.oliveira\\Documents\\Projetos-Backend\\Integração-Cigam\\Backend-Integracao\\src\\modules\\boleto\\services\\boleto.service.ts": {"path":"C:\\Users\\guilherme.oliveira\\Documents\\Projetos-Backend\\Integração-Cigam\\Backend-Integracao\\src\\modules\\boleto\\services\\boleto.service.ts","statementMap":{"0":{"start":{"line":1,"column":0},"end":{"line":1,"column":46}},"1":{"start":{"line":9,"column":0},"end":{"line":9,"column":62}},"2":{"start":{"line":13,"column":7},"end":{"line":98,"column":null}},"3":{"start":{"line":16,"column":21},"end":{"line":16,"column":56}},"4":{"start":{"line":20,"column":4},"end":{"line":20,"column":43}},"5":{"start":{"line":24,"column":19},"end":{"line":24,"column":59}},"6":{"start":{"line":26,"column":4},"end":{"line":28,"column":5}},"7":{"start":{"line":27,"column":6},"end":{"line":27,"column":40}},"8":{"start":{"line":30,"column":4},"end":{"line":30,"column":18}},"9":{"start":{"line":34,"column":4},"end":{"line":34,"column":60}},"10":{"start":{"line":38,"column":4},"end":{"line":38,"column":89}},"11":{"start":{"line":42,"column":52},"end":{"line":55,"column":6}},"12":{"start":{"line":57,"column":4},"end":{"line":57,"column":53}},"13":{"start":{"line":61,"column":19},"end":{"line":61,"column":59}},"14":{"start":{"line":63,"column":4},"end":{"line":65,"column":5}},"15":{"start":{"line":64,"column":6},"end":{"line":64,"column":40}},"16":{"start":{"line":67,"column":52},"end":{"line":71,"column":6}},"17":{"start":{"line":73,"column":32},"end":{"line":73,"column":83}},"18":{"start":{"line":75,"column":4},"end":{"line":75,"column":25}},"19":{"start":{"line":79,"column":19},"end":{"line":79,"column":59}},"20":{"start":{"line":81,"column":4},"end":{"line":83,"column":5}},"21":{"start":{"line":82,"column":6},"end":{"line":82,"column":40}},"22":{"start":{"line":85,"column":4},"end":{"line":85,"column":43}},"23":{"start":{"line":89,"column":19},"end":{"line":89,"column":59}},"24":{"start":{"line":91,"column":4},"end":{"line":93,"column":5}},"25":{"start":{"line":92,"column":6},"end":{"line":92,"column":40}},"26":{"start":{"line":95,"column":22},"end":{"line":95,"column":36}},"27":{"start":{"line":96,"column":4},"end":{"line":96,"column":58}},"28":{"start":{"line":13,"column":13},"end":{"line":13,"column":26}},"29":{"start":{"line":13,"column":13},"end":{"line":98,"column":null}}},"fnMap":{"0":{"name":"(anonymous_4)","decl":{"start":{"line":14,"column":2},"end":{"line":14,"column":null}},"loc":{"start":{"line":16,"column":56},"end":{"line":17,"column":6}}},"1":{"name":"(anonymous_5)","decl":{"start":{"line":19,"column":2},"end":{"line":19,"column":7}},"loc":{"start":{"line":19,"column":15},"end":{"line":21,"column":3}}},"2":{"name":"(anonymous_6)","decl":{"start":{"line":23,"column":2},"end":{"line":23,"column":7}},"loc":{"start":{"line":23,"column":27},"end":{"line":31,"column":3}}},"3":{"name":"(anonymous_7)","decl":{"start":{"line":33,"column":2},"end":{"line":33,"column":7}},"loc":{"start":{"line":33,"column":39},"end":{"line":35,"column":3}}},"4":{"name":"(anonymous_8)","decl":{"start":{"line":37,"column":2},"end":{"line":37,"column":7}},"loc":{"start":{"line":37,"column":78},"end":{"line":39,"column":3}}},"5":{"name":"(anonymous_9)","decl":{"start":{"line":41,"column":2},"end":{"line":41,"column":7}},"loc":{"start":{"line":41,"column":42},"end":{"line":58,"column":3}}},"6":{"name":"(anonymous_10)","decl":{"start":{"line":60,"column":2},"end":{"line":60,"column":7}},"loc":{"start":{"line":60,"column":54},"end":{"line":76,"column":3}}},"7":{"name":"(anonymous_11)","decl":{"start":{"line":78,"column":2},"end":{"line":78,"column":7}},"loc":{"start":{"line":78,"column":25},"end":{"line":86,"column":3}}},"8":{"name":"(anonymous_12)","decl":{"start":{"line":88,"column":2},"end":{"line":88,"column":7}},"loc":{"start":{"line":88,"column":29},"end":{"line":97,"column":3}}}},"branchMap":{"0":{"loc":{"start":{"line":26,"column":4},"end":{"line":28,"column":5}},"type":"if","locations":[{"start":{"line":26,"column":4},"end":{"line":28,"column":5}},{"start":{},"end":{}}]},"1":{"loc":{"start":{"line":50,"column":18},"end":{"line":50,"column":75}},"type":"cond-expr","locations":[{"start":{"line":50,"column":37},"end":{"line":50,"column":63}},{"start":{"line":50,"column":66},"end":{"line":50,"column":75}}]},"2":{"loc":{"start":{"line":53,"column":24},"end":{"line":53,"column":93}},"type":"cond-expr","locations":[{"start":{"line":53,"column":49},"end":{"line":53,"column":81}},{"start":{"line":53,"column":84},"end":{"line":53,"column":93}}]},"3":{"loc":{"start":{"line":54,"column":14},"end":{"line":54,"column":34}},"type":"binary-expr","locations":[{"start":{"line":54,"column":14},"end":{"line":54,"column":26}},{"start":{"line":54,"column":30},"end":{"line":54,"column":34}}]},"4":{"loc":{"start":{"line":63,"column":4},"end":{"line":65,"column":5}},"type":"if","locations":[{"start":{"line":63,"column":4},"end":{"line":65,"column":5}},{"start":{},"end":{}}]},"5":{"loc":{"start":{"line":69,"column":18},"end":{"line":69,"column":75}},"type":"cond-expr","locations":[{"start":{"line":69,"column":37},"end":{"line":69,"column":63}},{"start":{"line":69,"column":66},"end":{"line":69,"column":75}}]},"6":{"loc":{"start":{"line":70,"column":24},"end":{"line":70,"column":93}},"type":"cond-expr","locations":[{"start":{"line":70,"column":49},"end":{"line":70,"column":81}},{"start":{"line":70,"column":84},"end":{"line":70,"column":93}}]},"7":{"loc":{"start":{"line":81,"column":4},"end":{"line":83,"column":5}},"type":"if","locations":[{"start":{"line":81,"column":4},"end":{"line":83,"column":5}},{"start":{},"end":{}}]},"8":{"loc":{"start":{"line":91,"column":4},"end":{"line":93,"column":5}},"type":"if","locations":[{"start":{"line":91,"column":4},"end":{"line":93,"column":5}},{"start":{},"end":{}}]}},"s":{"0":1,"1":1,"2":1,"3":0,"4":0,"5":0,"6":0,"7":0,"8":0,"9":0,"10":0,"11":0,"12":0,"13":0,"14":0,"15":0,"16":0,"17":0,"18":0,"19":0,"20":0,"21":0,"22":0,"23":0,"24":0,"25":0,"26":0,"27":0,"28":1,"29":1},"f":{"0":0,"1":0,"2":0,"3":0,"4":0,"5":0,"6":0,"7":0,"8":0},"b":{"0":[0,0],"1":[0,0],"2":[0,0],"3":[0,0],"4":[0,0],"5":[0,0],"6":[0,0],"7":[0,0],"8":[0,0]}}
,"C:\\Users\\guilherme.oliveira\\Documents\\Projetos-Backend\\Integração-Cigam\\Backend-Integracao\\src\\modules\\boleto\\validators\\boleto.validator.ts": {"path":"C:\\Users\\guilherme.oliveira\\Documents\\Projetos-Backend\\Integração-Cigam\\Backend-Integracao\\src\\modules\\boleto\\validators\\boleto.validator.ts","statementMap":{"0":{"start":{"line":32,"column":0},"end":{"line":32,"column":16}},"1":{"start":{"line":42,"column":0},"end":{"line":42,"column":16}},"2":{"start":{"line":1,"column":0},"end":{"line":1,"column":24}},"3":{"start":{"line":2,"column":0},"end":{"line":2,"column":59}},"4":{"start":{"line":4,"column":13},"end":{"line":17,"column":3}},"5":{"start":{"line":19,"column":13},"end":{"line":30,"column":3}},"6":{"start":{"line":33,"column":17},"end":{"line":33,"column":52}},"7":{"start":{"line":35,"column":2},"end":{"line":37,"column":3}},"8":{"start":{"line":36,"column":4},"end":{"line":36,"column":74}},"9":{"start":{"line":39,"column":2},"end":{"line":39,"column":21}},"10":{"start":{"line":43,"column":17},"end":{"line":43,"column":52}},"11":{"start":{"line":45,"column":2},"end":{"line":47,"column":3}},"12":{"start":{"line":46,"column":4},"end":{"line":46,"column":74}},"13":{"start":{"line":49,"column":2},"end":{"line":49,"column":21}}},"fnMap":{"0":{"name":"validateCreateBoleto","decl":{"start":{"line":32,"column":16},"end":{"line":32,"column":36}},"loc":{"start":{"line":32,"column":51},"end":{"line":40,"column":1}}},"1":{"name":"validateUpdateBoleto","decl":{"start":{"line":42,"column":16},"end":{"line":42,"column":36}},"loc":{"start":{"line":42,"column":51},"end":{"line":50,"column":1}}}},"branchMap":{"0":{"loc":{"start":{"line":35,"column":2},"end":{"line":37,"column":3}},"type":"if","locations":[{"start":{"line":35,"column":2},"end":{"line":37,"column":3}},{"start":{},"end":{}}]},"1":{"loc":{"start":{"line":45,"column":2},"end":{"line":47,"column":3}},"type":"if","locations":[{"start":{"line":45,"column":2},"end":{"line":47,"column":3}},{"start":{},"end":{}}]}},"s":{"0":2,"1":2,"2":2,"3":2,"4":2,"5":2,"6":5,"7":5,"8":2,"9":3,"10":2,"11":2,"12":0,"13":2},"f":{"0":5,"1":2},"b":{"0":[2,3],"1":[0,2]}}
,"C:\\Users\\guilherme.oliveira\\Documents\\Projetos-Backend\\Integração-Cigam\\Backend-Integracao\\src\\modules\\company-integration\\errors\\company-integration.errors.ts": {"path":"C:\\Users\\guilherme.oliveira\\Documents\\Projetos-Backend\\Integração-Cigam\\Backend-Integracao\\src\\modules\\company-integration\\errors\\company-integration.errors.ts","statementMap":{"0":{"start":{"line":1,"column":0},"end":{"line":1,"column":72}},"1":{"start":{"line":5,"column":4},"end":{"line":5,"column":66}},"2":{"start":{"line":3,"column":0},"end":{"line":3,"column":13}},"3":{"start":{"line":11,"column":4},"end":{"line":11,"column":80}},"4":{"start":{"line":9,"column":0},"end":{"line":9,"column":13}}},"fnMap":{"0":{"name":"(anonymous_0)","decl":{"start":{"line":4,"column":2},"end":{"line":4,"column":14}},"loc":{"start":{"line":4,"column":24},"end":{"line":6,"column":3}}},"1":{"name":"(anonymous_1)","decl":{"start":{"line":10,"column":2},"end":{"line":10,"column":14}},"loc":{"start":{"line":10,"column":31},"end":{"line":12,"column":3}}}},"branchMap":{},"s":{"0":1,"1":1,"2":1,"3":1,"4":1},"f":{"0":1,"1":1},"b":{}}
,"C:\\Users\\guilherme.oliveira\\Documents\\Projetos-Backend\\Integração-Cigam\\Backend-Integracao\\src\\modules\\company-integration\\validators\\company-integration.validator.ts": {"path":"C:\\Users\\guilherme.oliveira\\Documents\\Projetos-Backend\\Integração-Cigam\\Backend-Integracao\\src\\modules\\company-integration\\validators\\company-integration.validator.ts","statementMap":{"0":{"start":{"line":28,"column":0},"end":{"line":28,"column":16}},"1":{"start":{"line":38,"column":0},"end":{"line":38,"column":16}},"2":{"start":{"line":1,"column":0},"end":{"line":1,"column":24}},"3":{"start":{"line":2,"column":0},"end":{"line":2,"column":59}},"4":{"start":{"line":4,"column":28},"end":{"line":4,"column":89}},"5":{"start":{"line":6,"column":13},"end":{"line":15,"column":3}},"6":{"start":{"line":17,"column":13},"end":{"line":26,"column":3}},"7":{"start":{"line":29,"column":17},"end":{"line":29,"column":64}},"8":{"start":{"line":31,"column":2},"end":{"line":33,"column":3}},"9":{"start":{"line":32,"column":4},"end":{"line":32,"column":74}},"10":{"start":{"line":35,"column":2},"end":{"line":35,"column":21}},"11":{"start":{"line":39,"column":17},"end":{"line":39,"column":64}},"12":{"start":{"line":41,"column":2},"end":{"line":43,"column":3}},"13":{"start":{"line":42,"column":4},"end":{"line":42,"column":74}},"14":{"start":{"line":45,"column":2},"end":{"line":45,"column":21}}},"fnMap":{"0":{"name":"validateCreateCompanyIntegration","decl":{"start":{"line":28,"column":16},"end":{"line":28,"column":48}},"loc":{"start":{"line":28,"column":63},"end":{"line":36,"column":1}}},"1":{"name":"validateUpdateCompanyIntegration","decl":{"start":{"line":38,"column":16},"end":{"line":38,"column":48}},"loc":{"start":{"line":38,"column":63},"end":{"line":46,"column":1}}}},"branchMap":{"0":{"loc":{"start":{"line":31,"column":2},"end":{"line":33,"column":3}},"type":"if","locations":[{"start":{"line":31,"column":2},"end":{"line":33,"column":3}},{"start":{},"end":{}}]},"1":{"loc":{"start":{"line":41,"column":2},"end":{"line":43,"column":3}},"type":"if","locations":[{"start":{"line":41,"column":2},"end":{"line":43,"column":3}},{"start":{},"end":{}}]}},"s":{"0":1,"1":1,"2":1,"3":1,"4":1,"5":1,"6":1,"7":7,"8":7,"9":1,"10":6,"11":2,"12":2,"13":0,"14":2},"f":{"0":7,"1":2},"b":{"0":[1,6],"1":[0,2]}}
,"C:\\Users\\guilherme.oliveira\\Documents\\Projetos-Backend\\Integração-Cigam\\Backend-Integracao\\src\\modules\\company-modulo\\errors\\company-modulo.errors.ts": {"path":"C:\\Users\\guilherme.oliveira\\Documents\\Projetos-Backend\\Integração-Cigam\\Backend-Integracao\\src\\modules\\company-modulo\\errors\\company-modulo.errors.ts","statementMap":{"0":{"start":{"line":1,"column":0},"end":{"line":1,"column":72}},"1":{"start":{"line":5,"column":4},"end":{"line":5,"column":70}},"2":{"start":{"line":3,"column":0},"end":{"line":3,"column":13}},"3":{"start":{"line":11,"column":4},"end":{"line":11,"column":95}},"4":{"start":{"line":9,"column":0},"end":{"line":9,"column":13}}},"fnMap":{"0":{"name":"(anonymous_0)","decl":{"start":{"line":4,"column":2},"end":{"line":4,"column":14}},"loc":{"start":{"line":4,"column":24},"end":{"line":6,"column":3}}},"1":{"name":"(anonymous_1)","decl":{"start":{"line":10,"column":2},"end":{"line":10,"column":14}},"loc":{"start":{"line":10,"column":49},"end":{"line":12,"column":3}}}},"branchMap":{},"s":{"0":1,"1":1,"2":1,"3":1,"4":1},"f":{"0":1,"1":1},"b":{}}
,"C:\\Users\\guilherme.oliveira\\Documents\\Projetos-Backend\\Integração-Cigam\\Backend-Integracao\\src\\modules\\company-modulo\\validators\\company-modulo.validator.ts": {"path":"C:\\Users\\guilherme.oliveira\\Documents\\Projetos-Backend\\Integração-Cigam\\Backend-Integracao\\src\\modules\\company-modulo\\validators\\company-modulo.validator.ts","statementMap":{"0":{"start":{"line":16,"column":0},"end":{"line":16,"column":16}},"1":{"start":{"line":26,"column":0},"end":{"line":26,"column":16}},"2":{"start":{"line":1,"column":0},"end":{"line":1,"column":24}},"3":{"start":{"line":2,"column":0},"end":{"line":2,"column":59}},"4":{"start":{"line":4,"column":13},"end":{"line":8,"column":3}},"5":{"start":{"line":10,"column":13},"end":{"line":14,"column":3}},"6":{"start":{"line":17,"column":17},"end":{"line":17,"column":59}},"7":{"start":{"line":19,"column":2},"end":{"line":21,"column":3}},"8":{"start":{"line":20,"column":4},"end":{"line":20,"column":74}},"9":{"start":{"line":23,"column":2},"end":{"line":23,"column":21}},"10":{"start":{"line":27,"column":17},"end":{"line":27,"column":59}},"11":{"start":{"line":29,"column":2},"end":{"line":31,"column":3}},"12":{"start":{"line":30,"column":4},"end":{"line":30,"column":74}},"13":{"start":{"line":33,"column":2},"end":{"line":33,"column":21}}},"fnMap":{"0":{"name":"validateCreateCompanyModulo","decl":{"start":{"line":16,"column":16},"end":{"line":16,"column":43}},"loc":{"start":{"line":16,"column":58},"end":{"line":24,"column":1}}},"1":{"name":"validateUpdateCompanyModulo","decl":{"start":{"line":26,"column":16},"end":{"line":26,"column":43}},"loc":{"start":{"line":26,"column":58},"end":{"line":34,"column":1}}}},"branchMap":{"0":{"loc":{"start":{"line":19,"column":2},"end":{"line":21,"column":3}},"type":"if","locations":[{"start":{"line":19,"column":2},"end":{"line":21,"column":3}},{"start":{},"end":{}}]},"1":{"loc":{"start":{"line":29,"column":2},"end":{"line":31,"column":3}},"type":"if","locations":[{"start":{"line":29,"column":2},"end":{"line":31,"column":3}},{"start":{},"end":{}}]}},"s":{"0":1,"1":1,"2":1,"3":1,"4":1,"5":1,"6":3,"7":3,"8":2,"9":1,"10":2,"11":2,"12":0,"13":2},"f":{"0":3,"1":2},"b":{"0":[2,1],"1":[0,2]}}
,"C:\\Users\\guilherme.oliveira\\Documents\\Projetos-Backend\\Integração-Cigam\\Backend-Integracao\\src\\modules\\company\\dto\\company.dto.ts": {"path":"C:\\Users\\guilherme.oliveira\\Documents\\Projetos-Backend\\Integração-Cigam\\Backend-Integracao\\src\\modules\\company\\dto\\company.dto.ts","statementMap":{"0":{"start":{"line":34,"column":4},"end":{"line":39,"column":6}},"1":{"start":{"line":32,"column":0},"end":{"line":32,"column":13}},"2":{"start":{"line":45,"column":4},"end":{"line":50,"column":6}},"3":{"start":{"line":43,"column":0},"end":{"line":43,"column":13}},"4":{"start":{"line":56,"column":4},"end":{"line":63,"column":6}},"5":{"start":{"line":54,"column":0},"end":{"line":54,"column":13}}},"fnMap":{"0":{"name":"(anonymous_0)","decl":{"start":{"line":33,"column":2},"end":{"line":33,"column":8}},"loc":{"start":{"line":33,"column":33},"end":{"line":40,"column":3}}},"1":{"name":"(anonymous_1)","decl":{"start":{"line":44,"column":2},"end":{"line":44,"column":8}},"loc":{"start":{"line":44,"column":33},"end":{"line":51,"column":3}}},"2":{"name":"(anonymous_2)","decl":{"start":{"line":55,"column":2},"end":{"line":55,"column":8}},"loc":{"start":{"line":55,"column":41},"end":{"line":64,"column":3}}}},"branchMap":{"0":{"loc":{"start":{"line":35,"column":19},"end":{"line":35,"column":38}},"type":"binary-expr","locations":[{"start":{"line":35,"column":19},"end":{"line":35,"column":32}},{"start":{"line":35,"column":36},"end":{"line":35,"column":38}}]},"1":{"loc":{"start":{"line":36,"column":19},"end":{"line":36,"column":38}},"type":"binary-expr","locations":[{"start":{"line":36,"column":19},"end":{"line":36,"column":32}},{"start":{"line":36,"column":36},"end":{"line":36,"column":38}}]},"2":{"loc":{"start":{"line":37,"column":14},"end":{"line":37,"column":74}},"type":"cond-expr","locations":[{"start":{"line":37,"column":32},"end":{"line":37,"column":62}},{"start":{"line":37,"column":65},"end":{"line":37,"column":74}}]},"3":{"loc":{"start":{"line":38,"column":14},"end":{"line":38,"column":82}},"type":"cond-expr","locations":[{"start":{"line":38,"column":46},"end":{"line":38,"column":70}},{"start":{"line":38,"column":73},"end":{"line":38,"column":82}}]},"4":{"loc":{"start":{"line":46,"column":12},"end":{"line":46,"column":68}},"type":"cond-expr","locations":[{"start":{"line":46,"column":28},"end":{"line":46,"column":56}},{"start":{"line":46,"column":59},"end":{"line":46,"column":68}}]},"5":{"loc":{"start":{"line":47,"column":12},"end":{"line":47,"column":68}},"type":"cond-expr","locations":[{"start":{"line":47,"column":28},"end":{"line":47,"column":56}},{"start":{"line":47,"column":59},"end":{"line":47,"column":68}}]},"6":{"loc":{"start":{"line":48,"column":14},"end":{"line":48,"column":74}},"type":"cond-expr","locations":[{"start":{"line":48,"column":32},"end":{"line":48,"column":62}},{"start":{"line":48,"column":65},"end":{"line":48,"column":74}}]},"7":{"loc":{"start":{"line":49,"column":14},"end":{"line":49,"column":82}},"type":"cond-expr","locations":[{"start":{"line":49,"column":46},"end":{"line":49,"column":70}},{"start":{"line":49,"column":73},"end":{"line":49,"column":82}}]}},"s":{"0":2,"1":1,"2":1,"3":1,"4":1,"5":1},"f":{"0":2,"1":1,"2":1},"b":{"0":[2,0],"1":[2,0],"2":[1,1],"3":[1,1],"4":[1,0],"5":[0,1],"6":[0,1],"7":[0,1]}}
,"C:\\Users\\guilherme.oliveira\\Documents\\Projetos-Backend\\Integração-Cigam\\Backend-Integracao\\src\\modules\\company\\errors\\company.errors.ts": {"path":"C:\\Users\\guilherme.oliveira\\Documents\\Projetos-Backend\\Integração-Cigam\\Backend-Integracao\\src\\modules\\company\\errors\\company.errors.ts","statementMap":{"0":{"start":{"line":1,"column":0},"end":{"line":1,"column":72}},"1":{"start":{"line":5,"column":4},"end":{"line":5,"column":52}},"2":{"start":{"line":3,"column":0},"end":{"line":3,"column":13}},"3":{"start":{"line":11,"column":4},"end":{"line":11,"column":68}},"4":{"start":{"line":9,"column":0},"end":{"line":9,"column":13}}},"fnMap":{"0":{"name":"(anonymous_0)","decl":{"start":{"line":4,"column":2},"end":{"line":4,"column":14}},"loc":{"start":{"line":4,"column":24},"end":{"line":6,"column":3}}},"1":{"name":"(anonymous_1)","decl":{"start":{"line":10,"column":2},"end":{"line":10,"column":14}},"loc":{"start":{"line":10,"column":26},"end":{"line":12,"column":3}}}},"branchMap":{},"s":{"0":1,"1":1,"2":1,"3":1,"4":1},"f":{"0":1,"1":1},"b":{}}
,"C:\\Users\\guilherme.oliveira\\Documents\\Projetos-Backend\\Integração-Cigam\\Backend-Integracao\\src\\modules\\company\\validators\\company.validator.ts": {"path":"C:\\Users\\guilherme.oliveira\\Documents\\Projetos-Backend\\Integração-Cigam\\Backend-Integracao\\src\\modules\\company\\validators\\company.validator.ts","statementMap":{"0":{"start":{"line":18,"column":0},"end":{"line":18,"column":16}},"1":{"start":{"line":28,"column":0},"end":{"line":28,"column":16}},"2":{"start":{"line":1,"column":0},"end":{"line":1,"column":24}},"3":{"start":{"line":2,"column":0},"end":{"line":2,"column":59}},"4":{"start":{"line":4,"column":13},"end":{"line":9,"column":3}},"5":{"start":{"line":11,"column":13},"end":{"line":16,"column":3}},"6":{"start":{"line":19,"column":17},"end":{"line":19,"column":53}},"7":{"start":{"line":21,"column":2},"end":{"line":23,"column":3}},"8":{"start":{"line":22,"column":4},"end":{"line":22,"column":74}},"9":{"start":{"line":25,"column":2},"end":{"line":25,"column":21}},"10":{"start":{"line":29,"column":17},"end":{"line":29,"column":53}},"11":{"start":{"line":31,"column":2},"end":{"line":33,"column":3}},"12":{"start":{"line":32,"column":4},"end":{"line":32,"column":74}},"13":{"start":{"line":35,"column":2},"end":{"line":35,"column":21}}},"fnMap":{"0":{"name":"validateCreateCompany","decl":{"start":{"line":18,"column":16},"end":{"line":18,"column":37}},"loc":{"start":{"line":18,"column":52},"end":{"line":26,"column":1}}},"1":{"name":"validateUpdateCompany","decl":{"start":{"line":28,"column":16},"end":{"line":28,"column":37}},"loc":{"start":{"line":28,"column":52},"end":{"line":36,"column":1}}}},"branchMap":{"0":{"loc":{"start":{"line":21,"column":2},"end":{"line":23,"column":3}},"type":"if","locations":[{"start":{"line":21,"column":2},"end":{"line":23,"column":3}},{"start":{},"end":{}}]},"1":{"loc":{"start":{"line":31,"column":2},"end":{"line":33,"column":3}},"type":"if","locations":[{"start":{"line":31,"column":2},"end":{"line":33,"column":3}},{"start":{},"end":{}}]}},"s":{"0":1,"1":1,"2":1,"3":1,"4":1,"5":1,"6":5,"7":5,"8":3,"9":2,"10":3,"11":3,"12":0,"13":3},"f":{"0":5,"1":3},"b":{"0":[3,2],"1":[0,3]}}
,"C:\\Users\\guilherme.oliveira\\Documents\\Projetos-Backend\\Integração-Cigam\\Backend-Integracao\\src\\modules\\modulo\\errors\\modulo.errors.ts": {"path":"C:\\Users\\guilherme.oliveira\\Documents\\Projetos-Backend\\Integração-Cigam\\Backend-Integracao\\src\\modules\\modulo\\errors\\modulo.errors.ts","statementMap":{"0":{"start":{"line":1,"column":0},"end":{"line":1,"column":72}},"1":{"start":{"line":5,"column":4},"end":{"line":5,"column":51}},"2":{"start":{"line":3,"column":0},"end":{"line":3,"column":13}},"3":{"start":{"line":11,"column":4},"end":{"line":11,"column":66}},"4":{"start":{"line":9,"column":0},"end":{"line":9,"column":13}}},"fnMap":{"0":{"name":"(anonymous_0)","decl":{"start":{"line":4,"column":2},"end":{"line":4,"column":14}},"loc":{"start":{"line":4,"column":24},"end":{"line":6,"column":3}}},"1":{"name":"(anonymous_1)","decl":{"start":{"line":10,"column":2},"end":{"line":10,"column":14}},"loc":{"start":{"line":10,"column":26},"end":{"line":12,"column":3}}}},"branchMap":{},"s":{"0":1,"1":1,"2":1,"3":1,"4":1},"f":{"0":1,"1":1},"b":{}}
,"C:\\Users\\guilherme.oliveira\\Documents\\Projetos-Backend\\Integração-Cigam\\Backend-Integracao\\src\\modules\\modulo\\validators\\modulo.validator.ts": {"path":"C:\\Users\\guilherme.oliveira\\Documents\\Projetos-Backend\\Integração-Cigam\\Backend-Integracao\\src\\modules\\modulo\\validators\\modulo.validator.ts","statementMap":{"0":{"start":{"line":18,"column":0},"end":{"line":18,"column":16}},"1":{"start":{"line":28,"column":0},"end":{"line":28,"column":16}},"2":{"start":{"line":1,"column":0},"end":{"line":1,"column":24}},"3":{"start":{"line":2,"column":0},"end":{"line":2,"column":59}},"4":{"start":{"line":4,"column":13},"end":{"line":9,"column":3}},"5":{"start":{"line":11,"column":13},"end":{"line":16,"column":3}},"6":{"start":{"line":19,"column":17},"end":{"line":19,"column":52}},"7":{"start":{"line":21,"column":2},"end":{"line":23,"column":3}},"8":{"start":{"line":22,"column":4},"end":{"line":22,"column":74}},"9":{"start":{"line":25,"column":2},"end":{"line":25,"column":21}},"10":{"start":{"line":29,"column":17},"end":{"line":29,"column":52}},"11":{"start":{"line":31,"column":2},"end":{"line":33,"column":3}},"12":{"start":{"line":32,"column":4},"end":{"line":32,"column":74}},"13":{"start":{"line":35,"column":2},"end":{"line":35,"column":21}}},"fnMap":{"0":{"name":"validateCreateModulo","decl":{"start":{"line":18,"column":16},"end":{"line":18,"column":36}},"loc":{"start":{"line":18,"column":51},"end":{"line":26,"column":1}}},"1":{"name":"validateUpdateModulo","decl":{"start":{"line":28,"column":16},"end":{"line":28,"column":36}},"loc":{"start":{"line":28,"column":51},"end":{"line":36,"column":1}}}},"branchMap":{"0":{"loc":{"start":{"line":21,"column":2},"end":{"line":23,"column":3}},"type":"if","locations":[{"start":{"line":21,"column":2},"end":{"line":23,"column":3}},{"start":{},"end":{}}]},"1":{"loc":{"start":{"line":31,"column":2},"end":{"line":33,"column":3}},"type":"if","locations":[{"start":{"line":31,"column":2},"end":{"line":33,"column":3}},{"start":{},"end":{}}]}},"s":{"0":1,"1":1,"2":1,"3":1,"4":1,"5":1,"6":5,"7":5,"8":3,"9":2,"10":2,"11":2,"12":0,"13":2},"f":{"0":5,"1":2},"b":{"0":[3,2],"1":[0,2]}}
,"C:\\Users\\guilherme.oliveira\\Documents\\Projetos-Backend\\Integração-Cigam\\Backend-Integracao\\src\\modules\\user-type\\errors\\user-type.errors.ts": {"path":"C:\\Users\\guilherme.oliveira\\Documents\\Projetos-Backend\\Integração-Cigam\\Backend-Integracao\\src\\modules\\user-type\\errors\\user-type.errors.ts","statementMap":{"0":{"start":{"line":1,"column":0},"end":{"line":1,"column":72}},"1":{"start":{"line":5,"column":4},"end":{"line":5,"column":60}},"2":{"start":{"line":3,"column":0},"end":{"line":3,"column":13}},"3":{"start":{"line":11,"column":4},"end":{"line":11,"column":76}},"4":{"start":{"line":9,"column":0},"end":{"line":9,"column":13}}},"fnMap":{"0":{"name":"(anonymous_0)","decl":{"start":{"line":4,"column":2},"end":{"line":4,"column":14}},"loc":{"start":{"line":4,"column":24},"end":{"line":6,"column":3}}},"1":{"name":"(anonymous_1)","decl":{"start":{"line":10,"column":2},"end":{"line":10,"column":14}},"loc":{"start":{"line":10,"column":26},"end":{"line":12,"column":3}}}},"branchMap":{},"s":{"0":1,"1":1,"2":1,"3":1,"4":1},"f":{"0":1,"1":1},"b":{}}
,"C:\\Users\\guilherme.oliveira\\Documents\\Projetos-Backend\\Integração-Cigam\\Backend-Integracao\\src\\modules\\user-type\\validators\\user-type.validator.ts": {"path":"C:\\Users\\guilherme.oliveira\\Documents\\Projetos-Backend\\Integração-Cigam\\Backend-Integracao\\src\\modules\\user-type\\validators\\user-type.validator.ts","statementMap":{"0":{"start":{"line":16,"column":0},"end":{"line":16,"column":16}},"1":{"start":{"line":26,"column":0},"end":{"line":26,"column":16}},"2":{"start":{"line":1,"column":0},"end":{"line":1,"column":24}},"3":{"start":{"line":2,"column":0},"end":{"line":2,"column":59}},"4":{"start":{"line":4,"column":13},"end":{"line":4,"column":94}},"5":{"start":{"line":6,"column":13},"end":{"line":9,"column":3}},"6":{"start":{"line":11,"column":13},"end":{"line":14,"column":3}},"7":{"start":{"line":17,"column":17},"end":{"line":17,"column":54}},"8":{"start":{"line":19,"column":2},"end":{"line":21,"column":3}},"9":{"start":{"line":20,"column":4},"end":{"line":20,"column":74}},"10":{"start":{"line":23,"column":2},"end":{"line":23,"column":21}},"11":{"start":{"line":27,"column":17},"end":{"line":27,"column":54}},"12":{"start":{"line":29,"column":2},"end":{"line":31,"column":3}},"13":{"start":{"line":30,"column":4},"end":{"line":30,"column":74}},"14":{"start":{"line":33,"column":2},"end":{"line":33,"column":21}}},"fnMap":{"0":{"name":"validateCreateUserType","decl":{"start":{"line":16,"column":16},"end":{"line":16,"column":38}},"loc":{"start":{"line":16,"column":53},"end":{"line":24,"column":1}}},"1":{"name":"validateUpdateUserType","decl":{"start":{"line":26,"column":16},"end":{"line":26,"column":38}},"loc":{"start":{"line":26,"column":53},"end":{"line":34,"column":1}}}},"branchMap":{"0":{"loc":{"start":{"line":19,"column":2},"end":{"line":21,"column":3}},"type":"if","locations":[{"start":{"line":19,"column":2},"end":{"line":21,"column":3}},{"start":{},"end":{}}]},"1":{"loc":{"start":{"line":29,"column":2},"end":{"line":31,"column":3}},"type":"if","locations":[{"start":{"line":29,"column":2},"end":{"line":31,"column":3}},{"start":{},"end":{}}]}},"s":{"0":1,"1":1,"2":1,"3":1,"4":1,"5":1,"6":1,"7":6,"8":6,"9":1,"10":5,"11":2,"12":2,"13":0,"14":2},"f":{"0":6,"1":2},"b":{"0":[1,5],"1":[0,2]}}
,"C:\\Users\\guilherme.oliveira\\Documents\\Projetos-Backend\\Integração-Cigam\\Backend-Integracao\\src\\modules\\usuario\\errors\\usuario.errors.ts": {"path":"C:\\Users\\guilherme.oliveira\\Documents\\Projetos-Backend\\Integração-Cigam\\Backend-Integracao\\src\\modules\\usuario\\errors\\usuario.errors.ts","statementMap":{"0":{"start":{"line":1,"column":0},"end":{"line":1,"column":72}},"1":{"start":{"line":5,"column":4},"end":{"line":5,"column":52}},"2":{"start":{"line":3,"column":0},"end":{"line":3,"column":13}},"3":{"start":{"line":11,"column":4},"end":{"line":11,"column":70}},"4":{"start":{"line":9,"column":0},"end":{"line":9,"column":13}}},"fnMap":{"0":{"name":"(anonymous_0)","decl":{"start":{"line":4,"column":2},"end":{"line":4,"column":14}},"loc":{"start":{"line":4,"column":24},"end":{"line":6,"column":3}}},"1":{"name":"(anonymous_1)","decl":{"start":{"line":10,"column":2},"end":{"line":10,"column":14}},"loc":{"start":{"line":10,"column":27},"end":{"line":12,"column":3}}}},"branchMap":{},"s":{"0":1,"1":1,"2":1,"3":1,"4":1},"f":{"0":1,"1":1},"b":{}}
,"C:\\Users\\guilherme.oliveira\\Documents\\Projetos-Backend\\Integração-Cigam\\Backend-Integracao\\src\\modules\\usuario\\validators\\usuario.validator.ts": {"path":"C:\\Users\\guilherme.oliveira\\Documents\\Projetos-Backend\\Integração-Cigam\\Backend-Integracao\\src\\modules\\usuario\\validators\\usuario.validator.ts","statementMap":{"0":{"start":{"line":24,"column":0},"end":{"line":24,"column":16}},"1":{"start":{"line":34,"column":0},"end":{"line":34,"column":16}},"2":{"start":{"line":1,"column":0},"end":{"line":1,"column":24}},"3":{"start":{"line":2,"column":0},"end":{"line":2,"column":59}},"4":{"start":{"line":4,"column":26},"end":{"line":4,"column":62}},"5":{"start":{"line":6,"column":13},"end":{"line":13,"column":3}},"6":{"start":{"line":15,"column":13},"end":{"line":22,"column":3}},"7":{"start":{"line":25,"column":17},"end":{"line":25,"column":53}},"8":{"start":{"line":27,"column":2},"end":{"line":29,"column":3}},"9":{"start":{"line":28,"column":4},"end":{"line":28,"column":74}},"10":{"start":{"line":31,"column":2},"end":{"line":31,"column":21}},"11":{"start":{"line":35,"column":17},"end":{"line":35,"column":53}},"12":{"start":{"line":37,"column":2},"end":{"line":39,"column":3}},"13":{"start":{"line":38,"column":4},"end":{"line":38,"column":74}},"14":{"start":{"line":41,"column":2},"end":{"line":41,"column":21}}},"fnMap":{"0":{"name":"validateCreateUsuario","decl":{"start":{"line":24,"column":16},"end":{"line":24,"column":37}},"loc":{"start":{"line":24,"column":52},"end":{"line":32,"column":1}}},"1":{"name":"validateUpdateUsuario","decl":{"start":{"line":34,"column":16},"end":{"line":34,"column":37}},"loc":{"start":{"line":34,"column":52},"end":{"line":42,"column":1}}}},"branchMap":{"0":{"loc":{"start":{"line":27,"column":2},"end":{"line":29,"column":3}},"type":"if","locations":[{"start":{"line":27,"column":2},"end":{"line":29,"column":3}},{"start":{},"end":{}}]},"1":{"loc":{"start":{"line":37,"column":2},"end":{"line":39,"column":3}},"type":"if","locations":[{"start":{"line":37,"column":2},"end":{"line":39,"column":3}},{"start":{},"end":{}}]}},"s":{"0":1,"1":1,"2":1,"3":1,"4":1,"5":1,"6":1,"7":5,"8":5,"9":3,"10":2,"11":2,"12":2,"13":0,"14":2},"f":{"0":5,"1":2},"b":{"0":[3,2],"1":[0,2]}}
,"C:\\Users\\guilherme.oliveira\\Documents\\Projetos-Backend\\Integração-Cigam\\Backend-Integracao\\src\\shared\\errors\\AppError.ts": {"path":"C:\\Users\\guilherme.oliveira\\Documents\\Projetos-Backend\\Integração-Cigam\\Backend-Integracao\\src\\shared\\errors\\AppError.ts","statementMap":{"0":{"start":{"line":4,"column":34},"end":{"line":4,"column":38}},"1":{"start":{"line":7,"column":4},"end":{"line":7,"column":19}},"2":{"start":{"line":8,"column":4},"end":{"line":8,"column":38}},"3":{"start":{"line":9,"column":4},"end":{"line":9,"column":33}},"4":{"start":{"line":10,"column":4},"end":{"line":10,"column":27}},"5":{"start":{"line":1,"column":0},"end":{"line":1,"column":13}},"6":{"start":{"line":16,"column":4},"end":{"line":16,"column":33}},"7":{"start":{"line":14,"column":0},"end":{"line":14,"column":13}},"8":{"start":{"line":22,"column":4},"end":{"line":22,"column":24}},"9":{"start":{"line":20,"column":0},"end":{"line":20,"column":13}},"10":{"start":{"line":28,"column":4},"end":{"line":28,"column":24}},"11":{"start":{"line":26,"column":0},"end":{"line":26,"column":13}},"12":{"start":{"line":34,"column":4},"end":{"line":34,"column":24}},"13":{"start":{"line":32,"column":0},"end":{"line":32,"column":13}},"14":{"start":{"line":40,"column":4},"end":{"line":40,"column":33}},"15":{"start":{"line":44,"column":20},"end":{"line":44,"column":60}},"16":{"start":{"line":45,"column":4},"end":{"line":45,"column":52}},"17":{"start":{"line":38,"column":0},"end":{"line":38,"column":13}}},"fnMap":{"0":{"name":"(anonymous_0)","decl":{"start":{"line":6,"column":2},"end":{"line":6,"column":14}},"loc":{"start":{"line":6,"column":66},"end":{"line":11,"column":3}}},"1":{"name":"(anonymous_1)","decl":{"start":{"line":15,"column":2},"end":{"line":15,"column":14}},"loc":{"start":{"line":15,"column":61},"end":{"line":17,"column":3}}},"2":{"name":"(anonymous_2)","decl":{"start":{"line":21,"column":2},"end":{"line":21,"column":14}},"loc":{"start":{"line":21,"column":41},"end":{"line":23,"column":3}}},"3":{"name":"(anonymous_3)","decl":{"start":{"line":27,"column":2},"end":{"line":27,"column":14}},"loc":{"start":{"line":27,"column":49},"end":{"line":29,"column":3}}},"4":{"name":"(anonymous_4)","decl":{"start":{"line":33,"column":2},"end":{"line":33,"column":14}},"loc":{"start":{"line":33,"column":44},"end":{"line":35,"column":3}}},"5":{"name":"(anonymous_5)","decl":{"start":{"line":39,"column":2},"end":{"line":39,"column":14}},"loc":{"start":{"line":39,"column":69},"end":{"line":41,"column":3}}},"6":{"name":"(anonymous_6)","decl":{"start":{"line":43,"column":2},"end":{"line":43,"column":8}},"loc":{"start":{"line":43,"column":54},"end":{"line":46,"column":3}}}},"branchMap":{"0":{"loc":{"start":{"line":6,"column":31},"end":{"line":6,"column":47}},"type":"default-arg","locations":[{"start":{"line":6,"column":44},"end":{"line":6,"column":47}}]},"1":{"loc":{"start":{"line":15,"column":14},"end":{"line":15,"column":42}},"type":"default-arg","locations":[{"start":{"line":15,"column":24},"end":{"line":15,"column":42}}]},"2":{"loc":{"start":{"line":21,"column":14},"end":{"line":21,"column":41}},"type":"default-arg","locations":[{"start":{"line":21,"column":24},"end":{"line":21,"column":41}}]},"3":{"loc":{"start":{"line":27,"column":14},"end":{"line":27,"column":49}},"type":"default-arg","locations":[{"start":{"line":27,"column":24},"end":{"line":27,"column":49}}]},"4":{"loc":{"start":{"line":33,"column":14},"end":{"line":33,"column":44}},"type":"default-arg","locations":[{"start":{"line":33,"column":24},"end":{"line":33,"column":44}}]},"5":{"loc":{"start":{"line":39,"column":14},"end":{"line":39,"column":50}},"type":"default-arg","locations":[{"start":{"line":39,"column":24},"end":{"line":39,"column":50}}]}},"s":{"0":41,"1":41,"2":41,"3":41,"4":41,"5":16,"6":18,"7":16,"8":0,"9":16,"10":10,"11":16,"12":8,"13":16,"14":2,"15":1,"16":1,"17":16},"f":{"0":41,"1":18,"2":0,"3":10,"4":8,"5":2,"6":1},"b":{"0":[1],"1":[1],"2":[0],"3":[1],"4":[1],"5":[1]}}
,"C:\\Users\\guilherme.oliveira\\Documents\\Projetos-Backend\\Integração-Cigam\\Backend-Integracao\\src\\shared\\utils\\logger.ts": {"path":"C:\\Users\\guilherme.oliveira\\Documents\\Projetos-Backend\\Integração-Cigam\\Backend-Integracao\\src\\shared\\utils\\logger.ts","statementMap":{"0":{"start":{"line":1,"column":0},"end":{"line":1,"column":26}},"1":{"start":{"line":5,"column":40},"end":{"line":11,"column":2}},"2":{"start":{"line":13,"column":59},"end":{"line":19,"column":2}},"3":{"start":{"line":22,"column":20},"end":{"line":22,"column":55}},"4":{"start":{"line":23,"column":15},"end":{"line":23,"column":27}},"5":{"start":{"line":24,"column":18},"end":{"line":24,"column":32}},"6":{"start":{"line":25,"column":16},"end":{"line":25,"column":45}},"7":{"start":{"line":26,"column":20},"end":{"line":26,"column":60}},"8":{"start":{"line":28,"column":2},"end":{"line":32,"column":3}},"9":{"start":{"line":29,"column":4},"end":{"line":29,"column":54}},"10":{"start":{"line":31,"column":4},"end":{"line":31,"column":45}},"11":{"start":{"line":35,"column":13},"end":{"line":41,"column":2}},"12":{"start":{"line":36,"column":49},"end":{"line":36,"column":78}},"13":{"start":{"line":37,"column":52},"end":{"line":37,"column":84}},"14":{"start":{"line":38,"column":49},"end":{"line":38,"column":78}},"15":{"start":{"line":39,"column":50},"end":{"line":39,"column":80}},"16":{"start":{"line":40,"column":50},"end":{"line":40,"column":80}}},"fnMap":{"0":{"name":"log","decl":{"start":{"line":21,"column":9},"end":{"line":21,"column":12}},"loc":{"start":{"line":21,"column":65},"end":{"line":33,"column":1}}},"1":{"name":"(anonymous_2)","decl":{"start":{"line":36,"column":8},"end":{"line":36,"column":9}},"loc":{"start":{"line":36,"column":49},"end":{"line":36,"column":78}}},"2":{"name":"(anonymous_3)","decl":{"start":{"line":37,"column":11},"end":{"line":37,"column":12}},"loc":{"start":{"line":37,"column":52},"end":{"line":37,"column":84}}},"3":{"name":"(anonymous_4)","decl":{"start":{"line":38,"column":8},"end":{"line":38,"column":9}},"loc":{"start":{"line":38,"column":49},"end":{"line":38,"column":78}}},"4":{"name":"(anonymous_5)","decl":{"start":{"line":39,"column":9},"end":{"line":39,"column":10}},"loc":{"start":{"line":39,"column":50},"end":{"line":39,"column":80}}},"5":{"name":"(anonymous_6)","decl":{"start":{"line":40,"column":9},"end":{"line":40,"column":10}},"loc":{"start":{"line":40,"column":50},"end":{"line":40,"column":80}}}},"branchMap":{"0":{"loc":{"start":{"line":28,"column":2},"end":{"line":32,"column":3}},"type":"if","locations":[{"start":{"line":28,"column":2},"end":{"line":32,"column":3}},{"start":{"line":30,"column":9},"end":{"line":32,"column":3}}]}},"s":{"0":1,"1":1,"2":1,"3":0,"4":0,"5":0,"6":0,"7":0,"8":0,"9":0,"10":0,"11":1,"12":0,"13":0,"14":0,"15":0,"16":0},"f":{"0":0,"1":0,"2":0,"3":0,"4":0,"5":0},"b":{"0":[0,0]}}
}
