{"C:\\Users\\guilherme.oliveira\\Documents\\Projetos-Backend\\Integração-Cigam\\src\\config\\multer.ts": {"path":"C:\\Users\\guilherme.oliveira\\Documents\\Projetos-Backend\\Integração-Cigam\\src\\config\\multer.ts","statementMap":{"0":{"start":{"line":1,"column":0},"end":{"line":1,"column":52}},"1":{"start":{"line":2,"column":0},"end":{"line":2,"column":24}},"2":{"start":{"line":3,"column":0},"end":{"line":3,"column":20}},"3":{"start":{"line":5,"column":0},"end":{"line":5,"column":37}},"4":{"start":{"line":7,"column":20},"end":{"line":7,"column":74}},"5":{"start":{"line":9,"column":16},"end":{"line":26,"column":2}},"6":{"start":{"line":11,"column":22},"end":{"line":11,"column":78}},"7":{"start":{"line":12,"column":16},"end":{"line":12,"column":49}},"8":{"start":{"line":14,"column":4},"end":{"line":16,"column":5}},"9":{"start":{"line":15,"column":6},"end":{"line":15,"column":45}},"10":{"start":{"line":18,"column":4},"end":{"line":18,"column":18}},"11":{"start":{"line":21,"column":22},"end":{"line":21,"column":32}},"12":{"start":{"line":22,"column":19},"end":{"line":22,"column":49}},"13":{"start":{"line":23,"column":16},"end":{"line":23,"column":47}},"14":{"start":{"line":24,"column":4},"end":{"line":24,"column":45}},"15":{"start":{"line":28,"column":19},"end":{"line":34,"column":1}},"16":{"start":{"line":29,"column":2},"end":{"line":33,"column":3}},"17":{"start":{"line":30,"column":4},"end":{"line":30,"column":19}},"18":{"start":{"line":32,"column":4},"end":{"line":32,"column":57}},"19":{"start":{"line":36,"column":13},"end":{"line":42,"column":3}}},"fnMap":{"0":{"name":"(anonymous_1)","decl":{"start":{"line":10,"column":15},"end":{"line":10,"column":16}},"loc":{"start":{"line":10,"column":63},"end":{"line":19,"column":3}}},"1":{"name":"(anonymous_2)","decl":{"start":{"line":20,"column":12},"end":{"line":20,"column":13}},"loc":{"start":{"line":20,"column":60},"end":{"line":25,"column":3}}},"2":{"name":"(anonymous_3)","decl":{"start":{"line":28,"column":19},"end":{"line":28,"column":20}},"loc":{"start":{"line":28,"column":87},"end":{"line":34,"column":1}}}},"branchMap":{"0":{"loc":{"start":{"line":11,"column":22},"end":{"line":11,"column":78}},"type":"binary-expr","locations":[{"start":{"line":11,"column":22},"end":{"line":11,"column":41}},{"start":{"line":11,"column":45},"end":{"line":11,"column":65}},{"start":{"line":11,"column":69},"end":{"line":11,"column":78}}]},"1":{"loc":{"start":{"line":14,"column":4},"end":{"line":16,"column":5}},"type":"if","locations":[{"start":{"line":14,"column":4},"end":{"line":16,"column":5}},{"start":{},"end":{}}]},"2":{"loc":{"start":{"line":29,"column":2},"end":{"line":33,"column":3}},"type":"if","locations":[{"start":{"line":29,"column":2},"end":{"line":33,"column":3}},{"start":{"line":31,"column":9},"end":{"line":33,"column":3}}]}},"s":{"0":1,"1":1,"2":1,"3":1,"4":1,"5":1,"6":0,"7":0,"8":0,"9":0,"10":0,"11":0,"12":0,"13":0,"14":0,"15":1,"16":0,"17":0,"18":0,"19":1},"f":{"0":0,"1":0,"2":0},"b":{"0":[0,0,0],"1":[0,0],"2":[0,0]}}
,"C:\\Users\\guilherme.oliveira\\Documents\\Projetos-Backend\\Integração-Cigam\\src\\database\\sequelize.ts": {"path":"C:\\Users\\guilherme.oliveira\\Documents\\Projetos-Backend\\Integração-Cigam\\src\\database\\sequelize.ts","statementMap":{"0":{"start":{"line":1,"column":0},"end":{"line":1,"column":47}},"1":{"start":{"line":2,"column":0},"end":{"line":2,"column":47}},"2":{"start":{"line":8,"column":25},"end":{"line":8,"column":62}},"3":{"start":{"line":9,"column":12},"end":{"line":9,"column":49}},"4":{"start":{"line":10,"column":17},"end":{"line":10,"column":28}},"5":{"start":{"line":12,"column":18},"end":{"line":23,"column":null}},"6":{"start":{"line":36,"column":9},"end":{"line":36,"column":18}},"7":{"start":{"line":26,"column":0},"end":{"line":26,"column":56}},"8":{"start":{"line":28,"column":0},"end":{"line":34,"column":5}},"9":{"start":{"line":30,"column":4},"end":{"line":30,"column":81}},"10":{"start":{"line":33,"column":4},"end":{"line":33,"column":73}}},"fnMap":{"0":{"name":"(anonymous_0)","decl":{"start":{"line":29,"column":8},"end":{"line":29,"column":11}},"loc":{"start":{"line":29,"column":13},"end":{"line":31,"column":3}}},"1":{"name":"(anonymous_1)","decl":{"start":{"line":32,"column":9},"end":{"line":32,"column":10}},"loc":{"start":{"line":32,"column":19},"end":{"line":34,"column":3}}}},"branchMap":{"0":{"loc":{"start":{"line":9,"column":12},"end":{"line":9,"column":49}},"type":"binary-expr","locations":[{"start":{"line":9,"column":12},"end":{"line":9,"column":32}},{"start":{"line":9,"column":36},"end":{"line":9,"column":49}}]},"1":{"loc":{"start":{"line":13,"column":2},"end":{"line":13,"column":35}},"type":"binary-expr","locations":[{"start":{"line":13,"column":2},"end":{"line":13,"column":29}},{"start":{"line":13,"column":33},"end":{"line":13,"column":35}}]},"2":{"loc":{"start":{"line":14,"column":2},"end":{"line":14,"column":35}},"type":"binary-expr","locations":[{"start":{"line":14,"column":2},"end":{"line":14,"column":29}},{"start":{"line":14,"column":33},"end":{"line":14,"column":35}}]},"3":{"loc":{"start":{"line":15,"column":2},"end":{"line":15,"column":35}},"type":"binary-expr","locations":[{"start":{"line":15,"column":2},"end":{"line":15,"column":29}},{"start":{"line":15,"column":33},"end":{"line":15,"column":35}}]}},"s":{"0":1,"1":1,"2":1,"3":1,"4":1,"5":1,"6":1,"7":1,"8":1,"9":0,"10":0},"f":{"0":0,"1":0},"b":{"0":[1,0],"1":[1,1],"2":[1,1],"3":[1,1]}}
,"C:\\Users\\guilherme.oliveira\\Documents\\Projetos-Backend\\Integração-Cigam\\src\\database\\config\\database.js": {"path":"C:\\Users\\guilherme.oliveira\\Documents\\Projetos-Backend\\Integração-Cigam\\src\\database\\config\\database.js","statementMap":{"0":{"start":{"line":1,"column":0},"end":{"line":1,"column":27}},"1":{"start":{"line":3,"column":0},"end":{"line":31,"column":2}}},"fnMap":{},"branchMap":{"0":{"loc":{"start":{"line":6,"column":13},"end":{"line":6,"column":53}},"type":"binary-expr","locations":[{"start":{"line":6,"column":13},"end":{"line":6,"column":35}},{"start":{"line":6,"column":39},"end":{"line":6,"column":53}}],"line":6},"1":{"loc":{"start":{"line":12,"column":13},"end":{"line":12,"column":54}},"type":"binary-expr","locations":[{"start":{"line":12,"column":13},"end":{"line":12,"column":40}},{"start":{"line":12,"column":44},"end":{"line":12,"column":54}}],"line":12},"2":{"loc":{"start":{"line":19,"column":10},"end":{"line":19,"column":45}},"type":"binary-expr","locations":[{"start":{"line":19,"column":10},"end":{"line":19,"column":37}},{"start":{"line":19,"column":41},"end":{"line":19,"column":45}}],"line":19}},"s":{"0":1,"1":1},"f":{},"b":{"0":[1,1],"1":[1,1],"2":[1,1]},"inputSourceMap":null,"_coverageSchema":"1a1c01bbd47fc00a2c39e90264f33305004495a9","hash":"e66e472ab892b573c97a0f250173ad1d04ae554a"}
,"C:\\Users\\guilherme.oliveira\\Documents\\Projetos-Backend\\Integração-Cigam\\src\\database\\models\\Boleto.ts": {"path":"C:\\Users\\guilherme.oliveira\\Documents\\Projetos-Backend\\Integração-Cigam\\src\\database\\models\\Boleto.ts","statementMap":{"0":{"start":{"line":1,"column":0},"end":{"line":1,"column":63}},"1":{"start":{"line":2,"column":0},"end":{"line":2,"column":49}},"2":{"start":{"line":24,"column":0},"end":{"line":24,"column":13}},"3":{"start":{"line":42,"column":0},"end":{"line":117,"column":2}}},"fnMap":{},"branchMap":{},"s":{"0":1,"1":1,"2":1,"3":1},"f":{},"b":{}}
,"C:\\Users\\guilherme.oliveira\\Documents\\Projetos-Backend\\Integração-Cigam\\src\\modules\\boleto\\controllers\\boleto.controller.ts": {"path":"C:\\Users\\guilherme.oliveira\\Documents\\Projetos-Backend\\Integração-Cigam\\src\\modules\\boleto\\controllers\\boleto.controller.ts","statementMap":{"0":{"start":{"line":1,"column":0},"end":{"line":1,"column":46}},"1":{"start":{"line":3,"column":0},"end":{"line":3,"column":24}},"2":{"start":{"line":4,"column":0},"end":{"line":4,"column":20}},"3":{"start":{"line":5,"column":0},"end":{"line":5,"column":59}},"4":{"start":{"line":6,"column":0},"end":{"line":6,"column":88}},"5":{"start":{"line":7,"column":0},"end":{"line":7,"column":92}},"6":{"start":{"line":8,"column":0},"end":{"line":8,"column":66}},"7":{"start":{"line":10,"column":20},"end":{"line":10,"column":80}},"8":{"start":{"line":13,"column":7},"end":{"line":104,"column":null}},"9":{"start":{"line":16,"column":21},"end":{"line":16,"column":36}},"10":{"start":{"line":20,"column":4},"end":{"line":25,"column":5}},"11":{"start":{"line":21,"column":22},"end":{"line":21,"column":56}},"12":{"start":{"line":22,"column":6},"end":{"line":22,"column":65}},"13":{"start":{"line":24,"column":6},"end":{"line":24,"column":25}},"14":{"start":{"line":29,"column":4},"end":{"line":34,"column":5}},"15":{"start":{"line":30,"column":21},"end":{"line":30,"column":69}},"16":{"start":{"line":31,"column":6},"end":{"line":31,"column":60}},"17":{"start":{"line":33,"column":6},"end":{"line":33,"column":25}},"18":{"start":{"line":38,"column":4},"end":{"line":43,"column":5}},"19":{"start":{"line":39,"column":22},"end":{"line":39,"column":82}},"20":{"start":{"line":40,"column":6},"end":{"line":40,"column":65}},"21":{"start":{"line":42,"column":6},"end":{"line":42,"column":25}},"22":{"start":{"line":47,"column":4},"end":{"line":58,"column":5}},"23":{"start":{"line":48,"column":6},"end":{"line":50,"column":7}},"24":{"start":{"line":49,"column":8},"end":{"line":49,"column":87}},"25":{"start":{"line":52,"column":20},"end":{"line":52,"column":71}},"26":{"start":{"line":53,"column":24},"end":{"line":53,"column":51}},"27":{"start":{"line":54,"column":21},"end":{"line":54,"column":63}},"28":{"start":{"line":55,"column":6},"end":{"line":55,"column":72}},"29":{"start":{"line":57,"column":6},"end":{"line":57,"column":25}},"30":{"start":{"line":62,"column":4},"end":{"line":73,"column":5}},"31":{"start":{"line":63,"column":21},"end":{"line":63,"column":69}},"32":{"start":{"line":64,"column":23},"end":{"line":64,"column":85}},"33":{"start":{"line":66,"column":6},"end":{"line":68,"column":7}},"34":{"start":{"line":67,"column":8},"end":{"line":67,"column":63}},"35":{"start":{"line":70,"column":6},"end":{"line":70,"column":57}},"36":{"start":{"line":72,"column":6},"end":{"line":72,"column":25}},"37":{"start":{"line":77,"column":4},"end":{"line":84,"column":5}},"38":{"start":{"line":78,"column":20},"end":{"line":78,"column":52}},"39":{"start":{"line":79,"column":24},"end":{"line":79,"column":51}},"40":{"start":{"line":80,"column":21},"end":{"line":80,"column":78}},"41":{"start":{"line":81,"column":6},"end":{"line":81,"column":60}},"42":{"start":{"line":83,"column":6},"end":{"line":83,"column":25}},"43":{"start":{"line":88,"column":4},"end":{"line":93,"column":5}},"44":{"start":{"line":89,"column":6},"end":{"line":89,"column":53}},"45":{"start":{"line":90,"column":6},"end":{"line":90,"column":36}},"46":{"start":{"line":92,"column":6},"end":{"line":92,"column":25}},"47":{"start":{"line":97,"column":4},"end":{"line":102,"column":5}},"48":{"start":{"line":98,"column":6},"end":{"line":98,"column":57}},"49":{"start":{"line":99,"column":6},"end":{"line":99,"column":36}},"50":{"start":{"line":101,"column":6},"end":{"line":101,"column":25}},"51":{"start":{"line":13,"column":13},"end":{"line":13,"column":29}},"52":{"start":{"line":13,"column":13},"end":{"line":104,"column":null}}},"fnMap":{"0":{"name":"(anonymous_5)","decl":{"start":{"line":14,"column":2},"end":{"line":14,"column":null}},"loc":{"start":{"line":16,"column":49},"end":{"line":17,"column":6}}},"1":{"name":"(anonymous_6)","decl":{"start":{"line":19,"column":2},"end":{"line":19,"column":7}},"loc":{"start":{"line":19,"column":64},"end":{"line":26,"column":3}}},"2":{"name":"(anonymous_7)","decl":{"start":{"line":28,"column":2},"end":{"line":28,"column":7}},"loc":{"start":{"line":28,"column":64},"end":{"line":35,"column":3}}},"3":{"name":"(anonymous_8)","decl":{"start":{"line":37,"column":2},"end":{"line":37,"column":7}},"loc":{"start":{"line":37,"column":69},"end":{"line":44,"column":3}}},"4":{"name":"(anonymous_9)","decl":{"start":{"line":46,"column":2},"end":{"line":46,"column":7}},"loc":{"start":{"line":46,"column":62},"end":{"line":59,"column":3}}},"5":{"name":"(anonymous_10)","decl":{"start":{"line":61,"column":2},"end":{"line":61,"column":7}},"loc":{"start":{"line":61,"column":64},"end":{"line":74,"column":3}}},"6":{"name":"(anonymous_11)","decl":{"start":{"line":76,"column":2},"end":{"line":76,"column":7}},"loc":{"start":{"line":76,"column":62},"end":{"line":85,"column":3}}},"7":{"name":"(anonymous_12)","decl":{"start":{"line":87,"column":2},"end":{"line":87,"column":7}},"loc":{"start":{"line":87,"column":62},"end":{"line":94,"column":3}}},"8":{"name":"(anonymous_13)","decl":{"start":{"line":96,"column":2},"end":{"line":96,"column":7}},"loc":{"start":{"line":96,"column":66},"end":{"line":103,"column":3}}}},"branchMap":{"0":{"loc":{"start":{"line":48,"column":6},"end":{"line":50,"column":7}},"type":"if","locations":[{"start":{"line":48,"column":6},"end":{"line":50,"column":7}},{"start":{},"end":{}}]},"1":{"loc":{"start":{"line":66,"column":6},"end":{"line":68,"column":7}},"type":"if","locations":[{"start":{"line":66,"column":6},"end":{"line":68,"column":7}},{"start":{},"end":{}}]}},"s":{"0":1,"1":1,"2":1,"3":1,"4":1,"5":1,"6":1,"7":1,"8":1,"9":3,"10":0,"11":0,"12":0,"13":0,"14":0,"15":0,"16":0,"17":0,"18":0,"19":0,"20":0,"21":0,"22":2,"23":2,"24":1,"25":1,"26":1,"27":1,"28":1,"29":0,"30":1,"31":1,"32":1,"33":1,"34":0,"35":1,"36":0,"37":0,"38":0,"39":0,"40":0,"41":0,"42":0,"43":0,"44":0,"45":0,"46":0,"47":0,"48":0,"49":0,"50":0,"51":1,"52":1},"f":{"0":3,"1":0,"2":0,"3":0,"4":2,"5":1,"6":0,"7":0,"8":0},"b":{"0":[1,1],"1":[0,1]}}
,"C:\\Users\\guilherme.oliveira\\Documents\\Projetos-Backend\\Integração-Cigam\\src\\modules\\boleto\\dto\\boleto.dto.ts": {"path":"C:\\Users\\guilherme.oliveira\\Documents\\Projetos-Backend\\Integração-Cigam\\src\\modules\\boleto\\dto\\boleto.dto.ts","statementMap":{"0":{"start":{"line":62,"column":4},"end":{"line":75,"column":6}},"1":{"start":{"line":60,"column":0},"end":{"line":60,"column":13}},"2":{"start":{"line":81,"column":4},"end":{"line":92,"column":6}},"3":{"start":{"line":79,"column":0},"end":{"line":79,"column":13}},"4":{"start":{"line":98,"column":4},"end":{"line":114,"column":6}},"5":{"start":{"line":96,"column":0},"end":{"line":96,"column":13}}},"fnMap":{"0":{"name":"(anonymous_0)","decl":{"start":{"line":61,"column":2},"end":{"line":61,"column":8}},"loc":{"start":{"line":61,"column":54},"end":{"line":76,"column":3}}},"1":{"name":"(anonymous_1)","decl":{"start":{"line":80,"column":2},"end":{"line":80,"column":8}},"loc":{"start":{"line":80,"column":33},"end":{"line":93,"column":3}}},"2":{"name":"(anonymous_2)","decl":{"start":{"line":97,"column":2},"end":{"line":97,"column":8}},"loc":{"start":{"line":97,"column":39},"end":{"line":115,"column":3}}}},"branchMap":{"0":{"loc":{"start":{"line":63,"column":25},"end":{"line":63,"column":50}},"type":"binary-expr","locations":[{"start":{"line":63,"column":25},"end":{"line":63,"column":44}},{"start":{"line":63,"column":48},"end":{"line":63,"column":50}}]},"1":{"loc":{"start":{"line":64,"column":27},"end":{"line":64,"column":54}},"type":"binary-expr","locations":[{"start":{"line":64,"column":27},"end":{"line":64,"column":48}},{"start":{"line":64,"column":52},"end":{"line":64,"column":54}}]},"2":{"loc":{"start":{"line":65,"column":22},"end":{"line":65,"column":44}},"type":"binary-expr","locations":[{"start":{"line":65,"column":22},"end":{"line":65,"column":38}},{"start":{"line":65,"column":42},"end":{"line":65,"column":44}}]},"3":{"loc":{"start":{"line":66,"column":23},"end":{"line":66,"column":46}},"type":"binary-expr","locations":[{"start":{"line":66,"column":23},"end":{"line":66,"column":40}},{"start":{"line":66,"column":44},"end":{"line":66,"column":46}}]},"4":{"loc":{"start":{"line":67,"column":22},"end":{"line":67,"column":44}},"type":"binary-expr","locations":[{"start":{"line":67,"column":22},"end":{"line":67,"column":38}},{"start":{"line":67,"column":42},"end":{"line":67,"column":44}}]},"5":{"loc":{"start":{"line":69,"column":29},"end":{"line":69,"column":58}},"type":"binary-expr","locations":[{"start":{"line":69,"column":29},"end":{"line":69,"column":52}},{"start":{"line":69,"column":56},"end":{"line":69,"column":58}}]},"6":{"loc":{"start":{"line":70,"column":18},"end":{"line":70,"column":86}},"type":"cond-expr","locations":[{"start":{"line":70,"column":40},"end":{"line":70,"column":74}},{"start":{"line":70,"column":77},"end":{"line":70,"column":86}}]},"7":{"loc":{"start":{"line":71,"column":13},"end":{"line":71,"column":71}},"type":"cond-expr","locations":[{"start":{"line":71,"column":30},"end":{"line":71,"column":59}},{"start":{"line":71,"column":62},"end":{"line":71,"column":71}}]},"8":{"loc":{"start":{"line":72,"column":22},"end":{"line":72,"column":98}},"type":"cond-expr","locations":[{"start":{"line":72,"column":48},"end":{"line":72,"column":86}},{"start":{"line":72,"column":89},"end":{"line":72,"column":98}}]},"9":{"loc":{"start":{"line":73,"column":24},"end":{"line":73,"column":104}},"type":"cond-expr","locations":[{"start":{"line":73,"column":52},"end":{"line":73,"column":92}},{"start":{"line":73,"column":95},"end":{"line":73,"column":104}}]},"10":{"loc":{"start":{"line":74,"column":14},"end":{"line":74,"column":82}},"type":"cond-expr","locations":[{"start":{"line":74,"column":46},"end":{"line":74,"column":70}},{"start":{"line":74,"column":73},"end":{"line":74,"column":82}}]},"11":{"loc":{"start":{"line":82,"column":20},"end":{"line":82,"column":92}},"type":"cond-expr","locations":[{"start":{"line":82,"column":44},"end":{"line":82,"column":80}},{"start":{"line":82,"column":83},"end":{"line":82,"column":92}}]},"12":{"loc":{"start":{"line":83,"column":15},"end":{"line":83,"column":77}},"type":"cond-expr","locations":[{"start":{"line":83,"column":34},"end":{"line":83,"column":65}},{"start":{"line":83,"column":68},"end":{"line":83,"column":77}}]},"13":{"loc":{"start":{"line":84,"column":16},"end":{"line":84,"column":80}},"type":"cond-expr","locations":[{"start":{"line":84,"column":36},"end":{"line":84,"column":68}},{"start":{"line":84,"column":71},"end":{"line":84,"column":80}}]},"14":{"loc":{"start":{"line":85,"column":15},"end":{"line":85,"column":77}},"type":"cond-expr","locations":[{"start":{"line":85,"column":34},"end":{"line":85,"column":65}},{"start":{"line":85,"column":68},"end":{"line":85,"column":77}}]},"15":{"loc":{"start":{"line":86,"column":22},"end":{"line":86,"column":98}},"type":"cond-expr","locations":[{"start":{"line":86,"column":48},"end":{"line":86,"column":86}},{"start":{"line":86,"column":89},"end":{"line":86,"column":98}}]},"16":{"loc":{"start":{"line":87,"column":18},"end":{"line":87,"column":86}},"type":"cond-expr","locations":[{"start":{"line":87,"column":40},"end":{"line":87,"column":74}},{"start":{"line":87,"column":77},"end":{"line":87,"column":86}}]},"17":{"loc":{"start":{"line":88,"column":13},"end":{"line":88,"column":71}},"type":"cond-expr","locations":[{"start":{"line":88,"column":30},"end":{"line":88,"column":59}},{"start":{"line":88,"column":62},"end":{"line":88,"column":71}}]},"18":{"loc":{"start":{"line":89,"column":22},"end":{"line":89,"column":98}},"type":"cond-expr","locations":[{"start":{"line":89,"column":48},"end":{"line":89,"column":86}},{"start":{"line":89,"column":89},"end":{"line":89,"column":98}}]},"19":{"loc":{"start":{"line":90,"column":24},"end":{"line":90,"column":104}},"type":"cond-expr","locations":[{"start":{"line":90,"column":52},"end":{"line":90,"column":92}},{"start":{"line":90,"column":95},"end":{"line":90,"column":104}}]},"20":{"loc":{"start":{"line":91,"column":14},"end":{"line":91,"column":82}},"type":"cond-expr","locations":[{"start":{"line":91,"column":46},"end":{"line":91,"column":70}},{"start":{"line":91,"column":73},"end":{"line":91,"column":82}}]}},"s":{"0":1,"1":1,"2":0,"3":1,"4":1,"5":1},"f":{"0":1,"1":0,"2":1},"b":{"0":[1,0],"1":[1,0],"2":[1,0],"3":[1,0],"4":[1,0],"5":[1,0],"6":[1,0],"7":[1,0],"8":[1,0],"9":[0,1],"10":[0,1],"11":[0,0],"12":[0,0],"13":[0,0],"14":[0,0],"15":[0,0],"16":[0,0],"17":[0,0],"18":[0,0],"19":[0,0],"20":[0,0]}}
,"C:\\Users\\guilherme.oliveira\\Documents\\Projetos-Backend\\Integração-Cigam\\src\\modules\\boleto\\errors\\boleto.errors.ts": {"path":"C:\\Users\\guilherme.oliveira\\Documents\\Projetos-Backend\\Integração-Cigam\\src\\modules\\boleto\\errors\\boleto.errors.ts","statementMap":{"0":{"start":{"line":1,"column":0},"end":{"line":1,"column":57}},"1":{"start":{"line":5,"column":4},"end":{"line":5,"column":51}},"2":{"start":{"line":3,"column":0},"end":{"line":3,"column":13}},"3":{"start":{"line":11,"column":4},"end":{"line":11,"column":51}},"4":{"start":{"line":9,"column":0},"end":{"line":9,"column":13}}},"fnMap":{"0":{"name":"(anonymous_0)","decl":{"start":{"line":4,"column":2},"end":{"line":4,"column":14}},"loc":{"start":{"line":4,"column":24},"end":{"line":6,"column":3}}},"1":{"name":"(anonymous_1)","decl":{"start":{"line":10,"column":2},"end":{"line":10,"column":14}},"loc":{"start":{"line":10,"column":30},"end":{"line":12,"column":3}}}},"branchMap":{},"s":{"0":2,"1":1,"2":2,"3":1,"4":2},"f":{"0":1,"1":1},"b":{}}
,"C:\\Users\\guilherme.oliveira\\Documents\\Projetos-Backend\\Integração-Cigam\\src\\modules\\boleto\\services\\boleto.service.ts": {"path":"C:\\Users\\guilherme.oliveira\\Documents\\Projetos-Backend\\Integração-Cigam\\src\\modules\\boleto\\services\\boleto.service.ts","statementMap":{"0":{"start":{"line":1,"column":0},"end":{"line":1,"column":46}},"1":{"start":{"line":9,"column":0},"end":{"line":9,"column":62}},"2":{"start":{"line":13,"column":7},"end":{"line":94,"column":null}},"3":{"start":{"line":16,"column":21},"end":{"line":16,"column":56}},"4":{"start":{"line":20,"column":4},"end":{"line":20,"column":43}},"5":{"start":{"line":24,"column":19},"end":{"line":24,"column":59}},"6":{"start":{"line":26,"column":4},"end":{"line":28,"column":5}},"7":{"start":{"line":27,"column":6},"end":{"line":27,"column":40}},"8":{"start":{"line":30,"column":4},"end":{"line":30,"column":18}},"9":{"start":{"line":34,"column":4},"end":{"line":34,"column":60}},"10":{"start":{"line":38,"column":52},"end":{"line":51,"column":6}},"11":{"start":{"line":53,"column":4},"end":{"line":53,"column":53}},"12":{"start":{"line":57,"column":19},"end":{"line":57,"column":59}},"13":{"start":{"line":59,"column":4},"end":{"line":61,"column":5}},"14":{"start":{"line":60,"column":6},"end":{"line":60,"column":40}},"15":{"start":{"line":63,"column":52},"end":{"line":67,"column":6}},"16":{"start":{"line":69,"column":32},"end":{"line":69,"column":83}},"17":{"start":{"line":71,"column":4},"end":{"line":71,"column":25}},"18":{"start":{"line":75,"column":19},"end":{"line":75,"column":59}},"19":{"start":{"line":77,"column":4},"end":{"line":79,"column":5}},"20":{"start":{"line":78,"column":6},"end":{"line":78,"column":40}},"21":{"start":{"line":81,"column":4},"end":{"line":81,"column":43}},"22":{"start":{"line":85,"column":19},"end":{"line":85,"column":59}},"23":{"start":{"line":87,"column":4},"end":{"line":89,"column":5}},"24":{"start":{"line":88,"column":6},"end":{"line":88,"column":40}},"25":{"start":{"line":91,"column":22},"end":{"line":91,"column":36}},"26":{"start":{"line":92,"column":4},"end":{"line":92,"column":58}},"27":{"start":{"line":13,"column":13},"end":{"line":13,"column":26}},"28":{"start":{"line":13,"column":13},"end":{"line":94,"column":null}}},"fnMap":{"0":{"name":"(anonymous_4)","decl":{"start":{"line":14,"column":2},"end":{"line":14,"column":null}},"loc":{"start":{"line":16,"column":56},"end":{"line":17,"column":6}}},"1":{"name":"(anonymous_5)","decl":{"start":{"line":19,"column":2},"end":{"line":19,"column":7}},"loc":{"start":{"line":19,"column":15},"end":{"line":21,"column":3}}},"2":{"name":"(anonymous_6)","decl":{"start":{"line":23,"column":2},"end":{"line":23,"column":7}},"loc":{"start":{"line":23,"column":27},"end":{"line":31,"column":3}}},"3":{"name":"(anonymous_7)","decl":{"start":{"line":33,"column":2},"end":{"line":33,"column":7}},"loc":{"start":{"line":33,"column":39},"end":{"line":35,"column":3}}},"4":{"name":"(anonymous_8)","decl":{"start":{"line":37,"column":2},"end":{"line":37,"column":7}},"loc":{"start":{"line":37,"column":42},"end":{"line":54,"column":3}}},"5":{"name":"(anonymous_9)","decl":{"start":{"line":56,"column":2},"end":{"line":56,"column":7}},"loc":{"start":{"line":56,"column":54},"end":{"line":72,"column":3}}},"6":{"name":"(anonymous_10)","decl":{"start":{"line":74,"column":2},"end":{"line":74,"column":7}},"loc":{"start":{"line":74,"column":25},"end":{"line":82,"column":3}}},"7":{"name":"(anonymous_11)","decl":{"start":{"line":84,"column":2},"end":{"line":84,"column":7}},"loc":{"start":{"line":84,"column":29},"end":{"line":93,"column":3}}}},"branchMap":{"0":{"loc":{"start":{"line":26,"column":4},"end":{"line":28,"column":5}},"type":"if","locations":[{"start":{"line":26,"column":4},"end":{"line":28,"column":5}},{"start":{},"end":{}}]},"1":{"loc":{"start":{"line":46,"column":18},"end":{"line":46,"column":75}},"type":"cond-expr","locations":[{"start":{"line":46,"column":37},"end":{"line":46,"column":63}},{"start":{"line":46,"column":66},"end":{"line":46,"column":75}}]},"2":{"loc":{"start":{"line":49,"column":24},"end":{"line":49,"column":93}},"type":"cond-expr","locations":[{"start":{"line":49,"column":49},"end":{"line":49,"column":81}},{"start":{"line":49,"column":84},"end":{"line":49,"column":93}}]},"3":{"loc":{"start":{"line":50,"column":14},"end":{"line":50,"column":34}},"type":"binary-expr","locations":[{"start":{"line":50,"column":14},"end":{"line":50,"column":26}},{"start":{"line":50,"column":30},"end":{"line":50,"column":34}}]},"4":{"loc":{"start":{"line":59,"column":4},"end":{"line":61,"column":5}},"type":"if","locations":[{"start":{"line":59,"column":4},"end":{"line":61,"column":5}},{"start":{},"end":{}}]},"5":{"loc":{"start":{"line":65,"column":18},"end":{"line":65,"column":75}},"type":"cond-expr","locations":[{"start":{"line":65,"column":37},"end":{"line":65,"column":63}},{"start":{"line":65,"column":66},"end":{"line":65,"column":75}}]},"6":{"loc":{"start":{"line":66,"column":24},"end":{"line":66,"column":93}},"type":"cond-expr","locations":[{"start":{"line":66,"column":49},"end":{"line":66,"column":81}},{"start":{"line":66,"column":84},"end":{"line":66,"column":93}}]},"7":{"loc":{"start":{"line":77,"column":4},"end":{"line":79,"column":5}},"type":"if","locations":[{"start":{"line":77,"column":4},"end":{"line":79,"column":5}},{"start":{},"end":{}}]},"8":{"loc":{"start":{"line":87,"column":4},"end":{"line":89,"column":5}},"type":"if","locations":[{"start":{"line":87,"column":4},"end":{"line":89,"column":5}},{"start":{},"end":{}}]}},"s":{"0":1,"1":1,"2":1,"3":0,"4":0,"5":0,"6":0,"7":0,"8":0,"9":0,"10":0,"11":0,"12":0,"13":0,"14":0,"15":0,"16":0,"17":0,"18":0,"19":0,"20":0,"21":0,"22":0,"23":0,"24":0,"25":0,"26":0,"27":1,"28":1},"f":{"0":0,"1":0,"2":0,"3":0,"4":0,"5":0,"6":0,"7":0},"b":{"0":[0,0],"1":[0,0],"2":[0,0],"3":[0,0],"4":[0,0],"5":[0,0],"6":[0,0],"7":[0,0],"8":[0,0]}}
,"C:\\Users\\guilherme.oliveira\\Documents\\Projetos-Backend\\Integração-Cigam\\src\\modules\\boleto\\validators\\boleto.validator.ts": {"path":"C:\\Users\\guilherme.oliveira\\Documents\\Projetos-Backend\\Integração-Cigam\\src\\modules\\boleto\\validators\\boleto.validator.ts","statementMap":{"0":{"start":{"line":32,"column":0},"end":{"line":32,"column":16}},"1":{"start":{"line":42,"column":0},"end":{"line":42,"column":16}},"2":{"start":{"line":1,"column":0},"end":{"line":1,"column":24}},"3":{"start":{"line":2,"column":0},"end":{"line":2,"column":59}},"4":{"start":{"line":4,"column":13},"end":{"line":17,"column":3}},"5":{"start":{"line":19,"column":13},"end":{"line":30,"column":3}},"6":{"start":{"line":33,"column":17},"end":{"line":33,"column":52}},"7":{"start":{"line":35,"column":2},"end":{"line":37,"column":3}},"8":{"start":{"line":36,"column":4},"end":{"line":36,"column":74}},"9":{"start":{"line":39,"column":2},"end":{"line":39,"column":21}},"10":{"start":{"line":43,"column":17},"end":{"line":43,"column":52}},"11":{"start":{"line":45,"column":2},"end":{"line":47,"column":3}},"12":{"start":{"line":46,"column":4},"end":{"line":46,"column":74}},"13":{"start":{"line":49,"column":2},"end":{"line":49,"column":21}}},"fnMap":{"0":{"name":"validateCreateBoleto","decl":{"start":{"line":32,"column":16},"end":{"line":32,"column":36}},"loc":{"start":{"line":32,"column":51},"end":{"line":40,"column":1}}},"1":{"name":"validateUpdateBoleto","decl":{"start":{"line":42,"column":16},"end":{"line":42,"column":36}},"loc":{"start":{"line":42,"column":51},"end":{"line":50,"column":1}}}},"branchMap":{"0":{"loc":{"start":{"line":35,"column":2},"end":{"line":37,"column":3}},"type":"if","locations":[{"start":{"line":35,"column":2},"end":{"line":37,"column":3}},{"start":{},"end":{}}]},"1":{"loc":{"start":{"line":45,"column":2},"end":{"line":47,"column":3}},"type":"if","locations":[{"start":{"line":45,"column":2},"end":{"line":47,"column":3}},{"start":{},"end":{}}]}},"s":{"0":2,"1":2,"2":2,"3":2,"4":2,"5":2,"6":5,"7":5,"8":2,"9":3,"10":2,"11":2,"12":0,"13":2},"f":{"0":5,"1":2},"b":{"0":[2,3],"1":[0,2]}}
,"C:\\Users\\guilherme.oliveira\\Documents\\Projetos-Backend\\Integração-Cigam\\src\\modules\\company-integration\\errors\\company-integration.errors.ts": {"path":"C:\\Users\\guilherme.oliveira\\Documents\\Projetos-Backend\\Integração-Cigam\\src\\modules\\company-integration\\errors\\company-integration.errors.ts","statementMap":{"0":{"start":{"line":1,"column":0},"end":{"line":1,"column":72}},"1":{"start":{"line":5,"column":4},"end":{"line":5,"column":66}},"2":{"start":{"line":3,"column":0},"end":{"line":3,"column":13}},"3":{"start":{"line":11,"column":4},"end":{"line":11,"column":80}},"4":{"start":{"line":9,"column":0},"end":{"line":9,"column":13}}},"fnMap":{"0":{"name":"(anonymous_0)","decl":{"start":{"line":4,"column":2},"end":{"line":4,"column":14}},"loc":{"start":{"line":4,"column":24},"end":{"line":6,"column":3}}},"1":{"name":"(anonymous_1)","decl":{"start":{"line":10,"column":2},"end":{"line":10,"column":14}},"loc":{"start":{"line":10,"column":31},"end":{"line":12,"column":3}}}},"branchMap":{},"s":{"0":1,"1":1,"2":1,"3":1,"4":1},"f":{"0":1,"1":1},"b":{}}
,"C:\\Users\\guilherme.oliveira\\Documents\\Projetos-Backend\\Integração-Cigam\\src\\modules\\company-integration\\validators\\company-integration.validator.ts": {"path":"C:\\Users\\guilherme.oliveira\\Documents\\Projetos-Backend\\Integração-Cigam\\src\\modules\\company-integration\\validators\\company-integration.validator.ts","statementMap":{"0":{"start":{"line":28,"column":0},"end":{"line":28,"column":16}},"1":{"start":{"line":38,"column":0},"end":{"line":38,"column":16}},"2":{"start":{"line":1,"column":0},"end":{"line":1,"column":24}},"3":{"start":{"line":2,"column":0},"end":{"line":2,"column":59}},"4":{"start":{"line":4,"column":28},"end":{"line":4,"column":89}},"5":{"start":{"line":6,"column":13},"end":{"line":15,"column":3}},"6":{"start":{"line":17,"column":13},"end":{"line":26,"column":3}},"7":{"start":{"line":29,"column":17},"end":{"line":29,"column":64}},"8":{"start":{"line":31,"column":2},"end":{"line":33,"column":3}},"9":{"start":{"line":32,"column":4},"end":{"line":32,"column":74}},"10":{"start":{"line":35,"column":2},"end":{"line":35,"column":21}},"11":{"start":{"line":39,"column":17},"end":{"line":39,"column":64}},"12":{"start":{"line":41,"column":2},"end":{"line":43,"column":3}},"13":{"start":{"line":42,"column":4},"end":{"line":42,"column":74}},"14":{"start":{"line":45,"column":2},"end":{"line":45,"column":21}}},"fnMap":{"0":{"name":"validateCreateCompanyIntegration","decl":{"start":{"line":28,"column":16},"end":{"line":28,"column":48}},"loc":{"start":{"line":28,"column":63},"end":{"line":36,"column":1}}},"1":{"name":"validateUpdateCompanyIntegration","decl":{"start":{"line":38,"column":16},"end":{"line":38,"column":48}},"loc":{"start":{"line":38,"column":63},"end":{"line":46,"column":1}}}},"branchMap":{"0":{"loc":{"start":{"line":31,"column":2},"end":{"line":33,"column":3}},"type":"if","locations":[{"start":{"line":31,"column":2},"end":{"line":33,"column":3}},{"start":{},"end":{}}]},"1":{"loc":{"start":{"line":41,"column":2},"end":{"line":43,"column":3}},"type":"if","locations":[{"start":{"line":41,"column":2},"end":{"line":43,"column":3}},{"start":{},"end":{}}]}},"s":{"0":1,"1":1,"2":1,"3":1,"4":1,"5":1,"6":1,"7":7,"8":7,"9":1,"10":6,"11":2,"12":2,"13":0,"14":2},"f":{"0":7,"1":2},"b":{"0":[1,6],"1":[0,2]}}
,"C:\\Users\\guilherme.oliveira\\Documents\\Projetos-Backend\\Integração-Cigam\\src\\modules\\company-modulo\\errors\\company-modulo.errors.ts": {"path":"C:\\Users\\guilherme.oliveira\\Documents\\Projetos-Backend\\Integração-Cigam\\src\\modules\\company-modulo\\errors\\company-modulo.errors.ts","statementMap":{"0":{"start":{"line":1,"column":0},"end":{"line":1,"column":72}},"1":{"start":{"line":5,"column":4},"end":{"line":5,"column":70}},"2":{"start":{"line":3,"column":0},"end":{"line":3,"column":13}},"3":{"start":{"line":11,"column":4},"end":{"line":11,"column":95}},"4":{"start":{"line":9,"column":0},"end":{"line":9,"column":13}}},"fnMap":{"0":{"name":"(anonymous_0)","decl":{"start":{"line":4,"column":2},"end":{"line":4,"column":14}},"loc":{"start":{"line":4,"column":24},"end":{"line":6,"column":3}}},"1":{"name":"(anonymous_1)","decl":{"start":{"line":10,"column":2},"end":{"line":10,"column":14}},"loc":{"start":{"line":10,"column":49},"end":{"line":12,"column":3}}}},"branchMap":{},"s":{"0":1,"1":1,"2":1,"3":1,"4":1},"f":{"0":1,"1":1},"b":{}}
,"C:\\Users\\guilherme.oliveira\\Documents\\Projetos-Backend\\Integração-Cigam\\src\\modules\\company-modulo\\validators\\company-modulo.validator.ts": {"path":"C:\\Users\\guilherme.oliveira\\Documents\\Projetos-Backend\\Integração-Cigam\\src\\modules\\company-modulo\\validators\\company-modulo.validator.ts","statementMap":{"0":{"start":{"line":16,"column":0},"end":{"line":16,"column":16}},"1":{"start":{"line":26,"column":0},"end":{"line":26,"column":16}},"2":{"start":{"line":1,"column":0},"end":{"line":1,"column":24}},"3":{"start":{"line":2,"column":0},"end":{"line":2,"column":59}},"4":{"start":{"line":4,"column":13},"end":{"line":8,"column":3}},"5":{"start":{"line":10,"column":13},"end":{"line":14,"column":3}},"6":{"start":{"line":17,"column":17},"end":{"line":17,"column":59}},"7":{"start":{"line":19,"column":2},"end":{"line":21,"column":3}},"8":{"start":{"line":20,"column":4},"end":{"line":20,"column":74}},"9":{"start":{"line":23,"column":2},"end":{"line":23,"column":21}},"10":{"start":{"line":27,"column":17},"end":{"line":27,"column":59}},"11":{"start":{"line":29,"column":2},"end":{"line":31,"column":3}},"12":{"start":{"line":30,"column":4},"end":{"line":30,"column":74}},"13":{"start":{"line":33,"column":2},"end":{"line":33,"column":21}}},"fnMap":{"0":{"name":"validateCreateCompanyModulo","decl":{"start":{"line":16,"column":16},"end":{"line":16,"column":43}},"loc":{"start":{"line":16,"column":58},"end":{"line":24,"column":1}}},"1":{"name":"validateUpdateCompanyModulo","decl":{"start":{"line":26,"column":16},"end":{"line":26,"column":43}},"loc":{"start":{"line":26,"column":58},"end":{"line":34,"column":1}}}},"branchMap":{"0":{"loc":{"start":{"line":19,"column":2},"end":{"line":21,"column":3}},"type":"if","locations":[{"start":{"line":19,"column":2},"end":{"line":21,"column":3}},{"start":{},"end":{}}]},"1":{"loc":{"start":{"line":29,"column":2},"end":{"line":31,"column":3}},"type":"if","locations":[{"start":{"line":29,"column":2},"end":{"line":31,"column":3}},{"start":{},"end":{}}]}},"s":{"0":1,"1":1,"2":1,"3":1,"4":1,"5":1,"6":3,"7":3,"8":2,"9":1,"10":2,"11":2,"12":0,"13":2},"f":{"0":3,"1":2},"b":{"0":[2,1],"1":[0,2]}}
,"C:\\Users\\guilherme.oliveira\\Documents\\Projetos-Backend\\Integração-Cigam\\src\\modules\\company\\dto\\company.dto.ts": {"path":"C:\\Users\\guilherme.oliveira\\Documents\\Projetos-Backend\\Integração-Cigam\\src\\modules\\company\\dto\\company.dto.ts","statementMap":{"0":{"start":{"line":34,"column":4},"end":{"line":39,"column":6}},"1":{"start":{"line":32,"column":0},"end":{"line":32,"column":13}},"2":{"start":{"line":45,"column":4},"end":{"line":50,"column":6}},"3":{"start":{"line":43,"column":0},"end":{"line":43,"column":13}},"4":{"start":{"line":56,"column":4},"end":{"line":63,"column":6}},"5":{"start":{"line":54,"column":0},"end":{"line":54,"column":13}}},"fnMap":{"0":{"name":"(anonymous_0)","decl":{"start":{"line":33,"column":2},"end":{"line":33,"column":8}},"loc":{"start":{"line":33,"column":33},"end":{"line":40,"column":3}}},"1":{"name":"(anonymous_1)","decl":{"start":{"line":44,"column":2},"end":{"line":44,"column":8}},"loc":{"start":{"line":44,"column":33},"end":{"line":51,"column":3}}},"2":{"name":"(anonymous_2)","decl":{"start":{"line":55,"column":2},"end":{"line":55,"column":8}},"loc":{"start":{"line":55,"column":41},"end":{"line":64,"column":3}}}},"branchMap":{"0":{"loc":{"start":{"line":35,"column":19},"end":{"line":35,"column":38}},"type":"binary-expr","locations":[{"start":{"line":35,"column":19},"end":{"line":35,"column":32}},{"start":{"line":35,"column":36},"end":{"line":35,"column":38}}]},"1":{"loc":{"start":{"line":36,"column":19},"end":{"line":36,"column":38}},"type":"binary-expr","locations":[{"start":{"line":36,"column":19},"end":{"line":36,"column":32}},{"start":{"line":36,"column":36},"end":{"line":36,"column":38}}]},"2":{"loc":{"start":{"line":37,"column":14},"end":{"line":37,"column":74}},"type":"cond-expr","locations":[{"start":{"line":37,"column":32},"end":{"line":37,"column":62}},{"start":{"line":37,"column":65},"end":{"line":37,"column":74}}]},"3":{"loc":{"start":{"line":38,"column":14},"end":{"line":38,"column":82}},"type":"cond-expr","locations":[{"start":{"line":38,"column":46},"end":{"line":38,"column":70}},{"start":{"line":38,"column":73},"end":{"line":38,"column":82}}]},"4":{"loc":{"start":{"line":46,"column":12},"end":{"line":46,"column":68}},"type":"cond-expr","locations":[{"start":{"line":46,"column":28},"end":{"line":46,"column":56}},{"start":{"line":46,"column":59},"end":{"line":46,"column":68}}]},"5":{"loc":{"start":{"line":47,"column":12},"end":{"line":47,"column":68}},"type":"cond-expr","locations":[{"start":{"line":47,"column":28},"end":{"line":47,"column":56}},{"start":{"line":47,"column":59},"end":{"line":47,"column":68}}]},"6":{"loc":{"start":{"line":48,"column":14},"end":{"line":48,"column":74}},"type":"cond-expr","locations":[{"start":{"line":48,"column":32},"end":{"line":48,"column":62}},{"start":{"line":48,"column":65},"end":{"line":48,"column":74}}]},"7":{"loc":{"start":{"line":49,"column":14},"end":{"line":49,"column":82}},"type":"cond-expr","locations":[{"start":{"line":49,"column":46},"end":{"line":49,"column":70}},{"start":{"line":49,"column":73},"end":{"line":49,"column":82}}]}},"s":{"0":2,"1":1,"2":1,"3":1,"4":1,"5":1},"f":{"0":2,"1":1,"2":1},"b":{"0":[2,0],"1":[2,0],"2":[1,1],"3":[1,1],"4":[1,0],"5":[0,1],"6":[0,1],"7":[0,1]}}
,"C:\\Users\\guilherme.oliveira\\Documents\\Projetos-Backend\\Integração-Cigam\\src\\modules\\company\\errors\\company.errors.ts": {"path":"C:\\Users\\guilherme.oliveira\\Documents\\Projetos-Backend\\Integração-Cigam\\src\\modules\\company\\errors\\company.errors.ts","statementMap":{"0":{"start":{"line":1,"column":0},"end":{"line":1,"column":72}},"1":{"start":{"line":5,"column":4},"end":{"line":5,"column":52}},"2":{"start":{"line":3,"column":0},"end":{"line":3,"column":13}},"3":{"start":{"line":11,"column":4},"end":{"line":11,"column":68}},"4":{"start":{"line":9,"column":0},"end":{"line":9,"column":13}}},"fnMap":{"0":{"name":"(anonymous_0)","decl":{"start":{"line":4,"column":2},"end":{"line":4,"column":14}},"loc":{"start":{"line":4,"column":24},"end":{"line":6,"column":3}}},"1":{"name":"(anonymous_1)","decl":{"start":{"line":10,"column":2},"end":{"line":10,"column":14}},"loc":{"start":{"line":10,"column":26},"end":{"line":12,"column":3}}}},"branchMap":{},"s":{"0":1,"1":1,"2":1,"3":1,"4":1},"f":{"0":1,"1":1},"b":{}}
,"C:\\Users\\guilherme.oliveira\\Documents\\Projetos-Backend\\Integração-Cigam\\src\\modules\\company\\validators\\company.validator.ts": {"path":"C:\\Users\\guilherme.oliveira\\Documents\\Projetos-Backend\\Integração-Cigam\\src\\modules\\company\\validators\\company.validator.ts","statementMap":{"0":{"start":{"line":18,"column":0},"end":{"line":18,"column":16}},"1":{"start":{"line":28,"column":0},"end":{"line":28,"column":16}},"2":{"start":{"line":1,"column":0},"end":{"line":1,"column":24}},"3":{"start":{"line":2,"column":0},"end":{"line":2,"column":59}},"4":{"start":{"line":4,"column":13},"end":{"line":9,"column":3}},"5":{"start":{"line":11,"column":13},"end":{"line":16,"column":3}},"6":{"start":{"line":19,"column":17},"end":{"line":19,"column":53}},"7":{"start":{"line":21,"column":2},"end":{"line":23,"column":3}},"8":{"start":{"line":22,"column":4},"end":{"line":22,"column":74}},"9":{"start":{"line":25,"column":2},"end":{"line":25,"column":21}},"10":{"start":{"line":29,"column":17},"end":{"line":29,"column":53}},"11":{"start":{"line":31,"column":2},"end":{"line":33,"column":3}},"12":{"start":{"line":32,"column":4},"end":{"line":32,"column":74}},"13":{"start":{"line":35,"column":2},"end":{"line":35,"column":21}}},"fnMap":{"0":{"name":"validateCreateCompany","decl":{"start":{"line":18,"column":16},"end":{"line":18,"column":37}},"loc":{"start":{"line":18,"column":52},"end":{"line":26,"column":1}}},"1":{"name":"validateUpdateCompany","decl":{"start":{"line":28,"column":16},"end":{"line":28,"column":37}},"loc":{"start":{"line":28,"column":52},"end":{"line":36,"column":1}}}},"branchMap":{"0":{"loc":{"start":{"line":21,"column":2},"end":{"line":23,"column":3}},"type":"if","locations":[{"start":{"line":21,"column":2},"end":{"line":23,"column":3}},{"start":{},"end":{}}]},"1":{"loc":{"start":{"line":31,"column":2},"end":{"line":33,"column":3}},"type":"if","locations":[{"start":{"line":31,"column":2},"end":{"line":33,"column":3}},{"start":{},"end":{}}]}},"s":{"0":1,"1":1,"2":1,"3":1,"4":1,"5":1,"6":5,"7":5,"8":3,"9":2,"10":3,"11":3,"12":0,"13":3},"f":{"0":5,"1":3},"b":{"0":[3,2],"1":[0,3]}}
,"C:\\Users\\guilherme.oliveira\\Documents\\Projetos-Backend\\Integração-Cigam\\src\\modules\\modulo\\errors\\modulo.errors.ts": {"path":"C:\\Users\\guilherme.oliveira\\Documents\\Projetos-Backend\\Integração-Cigam\\src\\modules\\modulo\\errors\\modulo.errors.ts","statementMap":{"0":{"start":{"line":1,"column":0},"end":{"line":1,"column":72}},"1":{"start":{"line":5,"column":4},"end":{"line":5,"column":51}},"2":{"start":{"line":3,"column":0},"end":{"line":3,"column":13}},"3":{"start":{"line":11,"column":4},"end":{"line":11,"column":66}},"4":{"start":{"line":9,"column":0},"end":{"line":9,"column":13}}},"fnMap":{"0":{"name":"(anonymous_0)","decl":{"start":{"line":4,"column":2},"end":{"line":4,"column":14}},"loc":{"start":{"line":4,"column":24},"end":{"line":6,"column":3}}},"1":{"name":"(anonymous_1)","decl":{"start":{"line":10,"column":2},"end":{"line":10,"column":14}},"loc":{"start":{"line":10,"column":26},"end":{"line":12,"column":3}}}},"branchMap":{},"s":{"0":1,"1":1,"2":1,"3":1,"4":1},"f":{"0":1,"1":1},"b":{}}
,"C:\\Users\\guilherme.oliveira\\Documents\\Projetos-Backend\\Integração-Cigam\\src\\modules\\modulo\\validators\\modulo.validator.ts": {"path":"C:\\Users\\guilherme.oliveira\\Documents\\Projetos-Backend\\Integração-Cigam\\src\\modules\\modulo\\validators\\modulo.validator.ts","statementMap":{"0":{"start":{"line":18,"column":0},"end":{"line":18,"column":16}},"1":{"start":{"line":28,"column":0},"end":{"line":28,"column":16}},"2":{"start":{"line":1,"column":0},"end":{"line":1,"column":24}},"3":{"start":{"line":2,"column":0},"end":{"line":2,"column":59}},"4":{"start":{"line":4,"column":13},"end":{"line":9,"column":3}},"5":{"start":{"line":11,"column":13},"end":{"line":16,"column":3}},"6":{"start":{"line":19,"column":17},"end":{"line":19,"column":52}},"7":{"start":{"line":21,"column":2},"end":{"line":23,"column":3}},"8":{"start":{"line":22,"column":4},"end":{"line":22,"column":74}},"9":{"start":{"line":25,"column":2},"end":{"line":25,"column":21}},"10":{"start":{"line":29,"column":17},"end":{"line":29,"column":52}},"11":{"start":{"line":31,"column":2},"end":{"line":33,"column":3}},"12":{"start":{"line":32,"column":4},"end":{"line":32,"column":74}},"13":{"start":{"line":35,"column":2},"end":{"line":35,"column":21}}},"fnMap":{"0":{"name":"validateCreateModulo","decl":{"start":{"line":18,"column":16},"end":{"line":18,"column":36}},"loc":{"start":{"line":18,"column":51},"end":{"line":26,"column":1}}},"1":{"name":"validateUpdateModulo","decl":{"start":{"line":28,"column":16},"end":{"line":28,"column":36}},"loc":{"start":{"line":28,"column":51},"end":{"line":36,"column":1}}}},"branchMap":{"0":{"loc":{"start":{"line":21,"column":2},"end":{"line":23,"column":3}},"type":"if","locations":[{"start":{"line":21,"column":2},"end":{"line":23,"column":3}},{"start":{},"end":{}}]},"1":{"loc":{"start":{"line":31,"column":2},"end":{"line":33,"column":3}},"type":"if","locations":[{"start":{"line":31,"column":2},"end":{"line":33,"column":3}},{"start":{},"end":{}}]}},"s":{"0":1,"1":1,"2":1,"3":1,"4":1,"5":1,"6":5,"7":5,"8":3,"9":2,"10":2,"11":2,"12":0,"13":2},"f":{"0":5,"1":2},"b":{"0":[3,2],"1":[0,2]}}
,"C:\\Users\\guilherme.oliveira\\Documents\\Projetos-Backend\\Integração-Cigam\\src\\modules\\user-type\\errors\\user-type.errors.ts": {"path":"C:\\Users\\guilherme.oliveira\\Documents\\Projetos-Backend\\Integração-Cigam\\src\\modules\\user-type\\errors\\user-type.errors.ts","statementMap":{"0":{"start":{"line":1,"column":0},"end":{"line":1,"column":72}},"1":{"start":{"line":5,"column":4},"end":{"line":5,"column":60}},"2":{"start":{"line":3,"column":0},"end":{"line":3,"column":13}},"3":{"start":{"line":11,"column":4},"end":{"line":11,"column":76}},"4":{"start":{"line":9,"column":0},"end":{"line":9,"column":13}}},"fnMap":{"0":{"name":"(anonymous_0)","decl":{"start":{"line":4,"column":2},"end":{"line":4,"column":14}},"loc":{"start":{"line":4,"column":24},"end":{"line":6,"column":3}}},"1":{"name":"(anonymous_1)","decl":{"start":{"line":10,"column":2},"end":{"line":10,"column":14}},"loc":{"start":{"line":10,"column":26},"end":{"line":12,"column":3}}}},"branchMap":{},"s":{"0":1,"1":1,"2":1,"3":1,"4":1},"f":{"0":1,"1":1},"b":{}}
,"C:\\Users\\guilherme.oliveira\\Documents\\Projetos-Backend\\Integração-Cigam\\src\\modules\\user-type\\validators\\user-type.validator.ts": {"path":"C:\\Users\\guilherme.oliveira\\Documents\\Projetos-Backend\\Integração-Cigam\\src\\modules\\user-type\\validators\\user-type.validator.ts","statementMap":{"0":{"start":{"line":16,"column":0},"end":{"line":16,"column":16}},"1":{"start":{"line":26,"column":0},"end":{"line":26,"column":16}},"2":{"start":{"line":1,"column":0},"end":{"line":1,"column":24}},"3":{"start":{"line":2,"column":0},"end":{"line":2,"column":59}},"4":{"start":{"line":4,"column":13},"end":{"line":4,"column":94}},"5":{"start":{"line":6,"column":13},"end":{"line":9,"column":3}},"6":{"start":{"line":11,"column":13},"end":{"line":14,"column":3}},"7":{"start":{"line":17,"column":17},"end":{"line":17,"column":54}},"8":{"start":{"line":19,"column":2},"end":{"line":21,"column":3}},"9":{"start":{"line":20,"column":4},"end":{"line":20,"column":74}},"10":{"start":{"line":23,"column":2},"end":{"line":23,"column":21}},"11":{"start":{"line":27,"column":17},"end":{"line":27,"column":54}},"12":{"start":{"line":29,"column":2},"end":{"line":31,"column":3}},"13":{"start":{"line":30,"column":4},"end":{"line":30,"column":74}},"14":{"start":{"line":33,"column":2},"end":{"line":33,"column":21}}},"fnMap":{"0":{"name":"validateCreateUserType","decl":{"start":{"line":16,"column":16},"end":{"line":16,"column":38}},"loc":{"start":{"line":16,"column":53},"end":{"line":24,"column":1}}},"1":{"name":"validateUpdateUserType","decl":{"start":{"line":26,"column":16},"end":{"line":26,"column":38}},"loc":{"start":{"line":26,"column":53},"end":{"line":34,"column":1}}}},"branchMap":{"0":{"loc":{"start":{"line":19,"column":2},"end":{"line":21,"column":3}},"type":"if","locations":[{"start":{"line":19,"column":2},"end":{"line":21,"column":3}},{"start":{},"end":{}}]},"1":{"loc":{"start":{"line":29,"column":2},"end":{"line":31,"column":3}},"type":"if","locations":[{"start":{"line":29,"column":2},"end":{"line":31,"column":3}},{"start":{},"end":{}}]}},"s":{"0":1,"1":1,"2":1,"3":1,"4":1,"5":1,"6":1,"7":6,"8":6,"9":1,"10":5,"11":2,"12":2,"13":0,"14":2},"f":{"0":6,"1":2},"b":{"0":[1,5],"1":[0,2]}}
,"C:\\Users\\guilherme.oliveira\\Documents\\Projetos-Backend\\Integração-Cigam\\src\\modules\\usuario\\errors\\usuario.errors.ts": {"path":"C:\\Users\\guilherme.oliveira\\Documents\\Projetos-Backend\\Integração-Cigam\\src\\modules\\usuario\\errors\\usuario.errors.ts","statementMap":{"0":{"start":{"line":1,"column":0},"end":{"line":1,"column":72}},"1":{"start":{"line":5,"column":4},"end":{"line":5,"column":52}},"2":{"start":{"line":3,"column":0},"end":{"line":3,"column":13}},"3":{"start":{"line":11,"column":4},"end":{"line":11,"column":70}},"4":{"start":{"line":9,"column":0},"end":{"line":9,"column":13}}},"fnMap":{"0":{"name":"(anonymous_0)","decl":{"start":{"line":4,"column":2},"end":{"line":4,"column":14}},"loc":{"start":{"line":4,"column":24},"end":{"line":6,"column":3}}},"1":{"name":"(anonymous_1)","decl":{"start":{"line":10,"column":2},"end":{"line":10,"column":14}},"loc":{"start":{"line":10,"column":27},"end":{"line":12,"column":3}}}},"branchMap":{},"s":{"0":1,"1":1,"2":1,"3":1,"4":1},"f":{"0":1,"1":1},"b":{}}
,"C:\\Users\\guilherme.oliveira\\Documents\\Projetos-Backend\\Integração-Cigam\\src\\modules\\usuario\\validators\\usuario.validator.ts": {"path":"C:\\Users\\guilherme.oliveira\\Documents\\Projetos-Backend\\Integração-Cigam\\src\\modules\\usuario\\validators\\usuario.validator.ts","statementMap":{"0":{"start":{"line":24,"column":0},"end":{"line":24,"column":16}},"1":{"start":{"line":34,"column":0},"end":{"line":34,"column":16}},"2":{"start":{"line":1,"column":0},"end":{"line":1,"column":24}},"3":{"start":{"line":2,"column":0},"end":{"line":2,"column":59}},"4":{"start":{"line":4,"column":26},"end":{"line":4,"column":62}},"5":{"start":{"line":6,"column":13},"end":{"line":13,"column":3}},"6":{"start":{"line":15,"column":13},"end":{"line":22,"column":3}},"7":{"start":{"line":25,"column":17},"end":{"line":25,"column":53}},"8":{"start":{"line":27,"column":2},"end":{"line":29,"column":3}},"9":{"start":{"line":28,"column":4},"end":{"line":28,"column":74}},"10":{"start":{"line":31,"column":2},"end":{"line":31,"column":21}},"11":{"start":{"line":35,"column":17},"end":{"line":35,"column":53}},"12":{"start":{"line":37,"column":2},"end":{"line":39,"column":3}},"13":{"start":{"line":38,"column":4},"end":{"line":38,"column":74}},"14":{"start":{"line":41,"column":2},"end":{"line":41,"column":21}}},"fnMap":{"0":{"name":"validateCreateUsuario","decl":{"start":{"line":24,"column":16},"end":{"line":24,"column":37}},"loc":{"start":{"line":24,"column":52},"end":{"line":32,"column":1}}},"1":{"name":"validateUpdateUsuario","decl":{"start":{"line":34,"column":16},"end":{"line":34,"column":37}},"loc":{"start":{"line":34,"column":52},"end":{"line":42,"column":1}}}},"branchMap":{"0":{"loc":{"start":{"line":27,"column":2},"end":{"line":29,"column":3}},"type":"if","locations":[{"start":{"line":27,"column":2},"end":{"line":29,"column":3}},{"start":{},"end":{}}]},"1":{"loc":{"start":{"line":37,"column":2},"end":{"line":39,"column":3}},"type":"if","locations":[{"start":{"line":37,"column":2},"end":{"line":39,"column":3}},{"start":{},"end":{}}]}},"s":{"0":1,"1":1,"2":1,"3":1,"4":1,"5":1,"6":1,"7":5,"8":5,"9":3,"10":2,"11":2,"12":2,"13":0,"14":2},"f":{"0":5,"1":2},"b":{"0":[3,2],"1":[0,2]}}
,"C:\\Users\\guilherme.oliveira\\Documents\\Projetos-Backend\\Integração-Cigam\\src\\shared\\errors\\AppError.ts": {"path":"C:\\Users\\guilherme.oliveira\\Documents\\Projetos-Backend\\Integração-Cigam\\src\\shared\\errors\\AppError.ts","statementMap":{"0":{"start":{"line":4,"column":34},"end":{"line":4,"column":38}},"1":{"start":{"line":7,"column":4},"end":{"line":7,"column":19}},"2":{"start":{"line":8,"column":4},"end":{"line":8,"column":38}},"3":{"start":{"line":9,"column":4},"end":{"line":9,"column":33}},"4":{"start":{"line":10,"column":4},"end":{"line":10,"column":27}},"5":{"start":{"line":1,"column":0},"end":{"line":1,"column":13}},"6":{"start":{"line":16,"column":4},"end":{"line":16,"column":33}},"7":{"start":{"line":14,"column":0},"end":{"line":14,"column":13}},"8":{"start":{"line":22,"column":4},"end":{"line":22,"column":24}},"9":{"start":{"line":20,"column":0},"end":{"line":20,"column":13}},"10":{"start":{"line":28,"column":4},"end":{"line":28,"column":24}},"11":{"start":{"line":26,"column":0},"end":{"line":26,"column":13}},"12":{"start":{"line":34,"column":4},"end":{"line":34,"column":24}},"13":{"start":{"line":32,"column":0},"end":{"line":32,"column":13}},"14":{"start":{"line":40,"column":4},"end":{"line":40,"column":33}},"15":{"start":{"line":44,"column":20},"end":{"line":44,"column":60}},"16":{"start":{"line":45,"column":4},"end":{"line":45,"column":52}},"17":{"start":{"line":38,"column":0},"end":{"line":38,"column":13}}},"fnMap":{"0":{"name":"(anonymous_0)","decl":{"start":{"line":6,"column":2},"end":{"line":6,"column":14}},"loc":{"start":{"line":6,"column":66},"end":{"line":11,"column":3}}},"1":{"name":"(anonymous_1)","decl":{"start":{"line":15,"column":2},"end":{"line":15,"column":14}},"loc":{"start":{"line":15,"column":61},"end":{"line":17,"column":3}}},"2":{"name":"(anonymous_2)","decl":{"start":{"line":21,"column":2},"end":{"line":21,"column":14}},"loc":{"start":{"line":21,"column":41},"end":{"line":23,"column":3}}},"3":{"name":"(anonymous_3)","decl":{"start":{"line":27,"column":2},"end":{"line":27,"column":14}},"loc":{"start":{"line":27,"column":49},"end":{"line":29,"column":3}}},"4":{"name":"(anonymous_4)","decl":{"start":{"line":33,"column":2},"end":{"line":33,"column":14}},"loc":{"start":{"line":33,"column":44},"end":{"line":35,"column":3}}},"5":{"name":"(anonymous_5)","decl":{"start":{"line":39,"column":2},"end":{"line":39,"column":14}},"loc":{"start":{"line":39,"column":69},"end":{"line":41,"column":3}}},"6":{"name":"(anonymous_6)","decl":{"start":{"line":43,"column":2},"end":{"line":43,"column":8}},"loc":{"start":{"line":43,"column":54},"end":{"line":46,"column":3}}}},"branchMap":{"0":{"loc":{"start":{"line":6,"column":31},"end":{"line":6,"column":47}},"type":"default-arg","locations":[{"start":{"line":6,"column":44},"end":{"line":6,"column":47}}]},"1":{"loc":{"start":{"line":15,"column":14},"end":{"line":15,"column":42}},"type":"default-arg","locations":[{"start":{"line":15,"column":24},"end":{"line":15,"column":42}}]},"2":{"loc":{"start":{"line":21,"column":14},"end":{"line":21,"column":41}},"type":"default-arg","locations":[{"start":{"line":21,"column":24},"end":{"line":21,"column":41}}]},"3":{"loc":{"start":{"line":27,"column":14},"end":{"line":27,"column":49}},"type":"default-arg","locations":[{"start":{"line":27,"column":24},"end":{"line":27,"column":49}}]},"4":{"loc":{"start":{"line":33,"column":14},"end":{"line":33,"column":44}},"type":"default-arg","locations":[{"start":{"line":33,"column":24},"end":{"line":33,"column":44}}]},"5":{"loc":{"start":{"line":39,"column":14},"end":{"line":39,"column":50}},"type":"default-arg","locations":[{"start":{"line":39,"column":24},"end":{"line":39,"column":50}}]}},"s":{"0":41,"1":41,"2":41,"3":41,"4":41,"5":16,"6":18,"7":16,"8":0,"9":16,"10":10,"11":16,"12":8,"13":16,"14":2,"15":1,"16":1,"17":16},"f":{"0":41,"1":18,"2":0,"3":10,"4":8,"5":2,"6":1},"b":{"0":[1],"1":[1],"2":[0],"3":[1],"4":[1],"5":[1]}}
,"C:\\Users\\guilherme.oliveira\\Documents\\Projetos-Backend\\Integração-Cigam\\src\\shared\\utils\\logger.ts": {"path":"C:\\Users\\guilherme.oliveira\\Documents\\Projetos-Backend\\Integração-Cigam\\src\\shared\\utils\\logger.ts","statementMap":{"0":{"start":{"line":1,"column":0},"end":{"line":1,"column":26}},"1":{"start":{"line":5,"column":40},"end":{"line":11,"column":2}},"2":{"start":{"line":13,"column":59},"end":{"line":19,"column":2}},"3":{"start":{"line":22,"column":20},"end":{"line":22,"column":55}},"4":{"start":{"line":23,"column":15},"end":{"line":23,"column":27}},"5":{"start":{"line":24,"column":18},"end":{"line":24,"column":32}},"6":{"start":{"line":25,"column":16},"end":{"line":25,"column":45}},"7":{"start":{"line":26,"column":20},"end":{"line":26,"column":60}},"8":{"start":{"line":28,"column":2},"end":{"line":32,"column":3}},"9":{"start":{"line":29,"column":4},"end":{"line":29,"column":54}},"10":{"start":{"line":31,"column":4},"end":{"line":31,"column":45}},"11":{"start":{"line":35,"column":13},"end":{"line":41,"column":2}},"12":{"start":{"line":36,"column":49},"end":{"line":36,"column":78}},"13":{"start":{"line":37,"column":52},"end":{"line":37,"column":84}},"14":{"start":{"line":38,"column":49},"end":{"line":38,"column":78}},"15":{"start":{"line":39,"column":50},"end":{"line":39,"column":80}},"16":{"start":{"line":40,"column":50},"end":{"line":40,"column":80}}},"fnMap":{"0":{"name":"log","decl":{"start":{"line":21,"column":9},"end":{"line":21,"column":12}},"loc":{"start":{"line":21,"column":65},"end":{"line":33,"column":1}}},"1":{"name":"(anonymous_2)","decl":{"start":{"line":36,"column":8},"end":{"line":36,"column":9}},"loc":{"start":{"line":36,"column":49},"end":{"line":36,"column":78}}},"2":{"name":"(anonymous_3)","decl":{"start":{"line":37,"column":11},"end":{"line":37,"column":12}},"loc":{"start":{"line":37,"column":52},"end":{"line":37,"column":84}}},"3":{"name":"(anonymous_4)","decl":{"start":{"line":38,"column":8},"end":{"line":38,"column":9}},"loc":{"start":{"line":38,"column":49},"end":{"line":38,"column":78}}},"4":{"name":"(anonymous_5)","decl":{"start":{"line":39,"column":9},"end":{"line":39,"column":10}},"loc":{"start":{"line":39,"column":50},"end":{"line":39,"column":80}}},"5":{"name":"(anonymous_6)","decl":{"start":{"line":40,"column":9},"end":{"line":40,"column":10}},"loc":{"start":{"line":40,"column":50},"end":{"line":40,"column":80}}}},"branchMap":{"0":{"loc":{"start":{"line":28,"column":2},"end":{"line":32,"column":3}},"type":"if","locations":[{"start":{"line":28,"column":2},"end":{"line":32,"column":3}},{"start":{"line":30,"column":9},"end":{"line":32,"column":3}}]}},"s":{"0":1,"1":1,"2":1,"3":1,"4":1,"5":1,"6":1,"7":1,"8":1,"9":0,"10":1,"11":1,"12":1,"13":0,"14":0,"15":0,"16":0},"f":{"0":1,"1":1,"2":0,"3":0,"4":0,"5":0},"b":{"0":[0,1]}}
}
