TN:
SF:src\config\multer.ts
FN:10,(anonymous_1)
FN:15,(anonymous_2)
FN:28,(anonymous_3)
FNF:3
FNH:0
FNDA:0,(anonymous_1)
FNDA:0,(anonymous_2)
FNDA:0,(anonymous_3)
DA:1,1
DA:2,1
DA:3,1
DA:5,1
DA:7,1
DA:9,1
DA:11,0
DA:12,0
DA:20,0
DA:21,0
DA:22,0
DA:24,0
DA:28,1
DA:33,0
DA:34,0
DA:37,0
DA:40,1
LF:17
LH:8
BRDA:33,0,0,0
BRDA:33,0,1,0
BRF:2
BRH:0
end_of_record
TN:
SF:src\database\sequelize.ts
FN:58,connectDatabase
FNF:1
FNH:0
FNDA:0,connectDatabase
DA:1,1
DA:2,1
DA:16,1
DA:18,1
DA:19,1
DA:21,1
DA:22,0
DA:25,1
DA:37,1
DA:41,1
DA:42,0
DA:43,1
DA:44,1
DA:46,0
DA:47,0
DA:50,0
DA:58,1
DA:59,0
DA:60,0
DA:62,0
DA:64,0
DA:66,0
DA:68,0
DA:70,0
LF:24
LH:12
BRDA:18,0,0,1
BRDA:18,0,1,0
BRDA:21,1,0,0
BRDA:21,1,1,1
BRDA:37,2,0,0
BRDA:37,2,1,1
BRDA:41,3,0,0
BRDA:41,3,1,1
BRDA:43,4,0,1
BRDA:43,4,1,0
BRDA:46,5,0,0
BRDA:46,5,1,0
BRDA:46,6,0,0
BRDA:46,6,1,0
BRDA:53,7,0,0
BRDA:53,7,1,0
BRDA:66,8,0,0
BRDA:66,8,1,0
BRF:18
BRH:5
end_of_record
TN:
SF:src\database\config\database.ts
FNF:0
FNH:0
DA:1,1
DA:11,1
DA:13,1
DA:37,1
LF:4
LH:4
BRDA:16,0,0,1
BRDA:16,0,1,1
BRDA:22,1,0,1
BRDA:22,1,1,1
BRDA:29,2,0,1
BRDA:29,2,1,0
BRF:6
BRH:5
end_of_record
TN:
SF:src\database\models\Boleto.ts
FNF:0
FNH:0
DA:1,1
DA:2,1
DA:24,1
DA:42,1
LF:4
LH:4
BRF:0
BRH:0
end_of_record
TN:
SF:src\modules\boleto\controllers\boleto.controller.ts
FN:13,resolveBoletoPath
FN:18,(anonymous_6)
FN:28,(anonymous_7)
FN:33,(anonymous_8)
FN:46,(anonymous_9)
FN:58,(anonymous_10)
FN:70,(anonymous_11)
FN:112,(anonymous_12)
FN:131,(anonymous_13)
FN:147,(anonymous_14)
FN:163,(anonymous_15)
FN:177,(anonymous_16)
FNF:12
FNH:4
FNDA:1,resolveBoletoPath
FNDA:0,(anonymous_6)
FNDA:3,(anonymous_7)
FNDA:0,(anonymous_8)
FNDA:0,(anonymous_9)
FNDA:0,(anonymous_10)
FNDA:2,(anonymous_11)
FNDA:1,(anonymous_12)
FNDA:0,(anonymous_13)
FNDA:0,(anonymous_14)
FNDA:0,(anonymous_15)
FNDA:0,(anonymous_16)
DA:1,1
DA:3,1
DA:4,1
DA:5,1
DA:6,1
DA:7,1
DA:8,1
DA:10,1
DA:11,1
DA:14,1
DA:15,1
DA:17,0
DA:18,0
DA:19,0
DA:20,0
DA:23,0
DA:27,1
DA:30,3
DA:34,0
DA:36,0
DA:37,0
DA:39,0
DA:40,0
DA:42,0
DA:47,0
DA:48,0
DA:49,0
DA:50,0
DA:52,0
DA:54,0
DA:59,0
DA:60,0
DA:61,0
DA:63,0
DA:64,0
DA:66,0
DA:71,2
DA:72,2
DA:73,1
DA:76,1
DA:77,1
DA:78,0
DA:81,1
DA:83,1
DA:88,1
DA:89,0
DA:90,0
DA:96,1
DA:97,1
DA:99,1
DA:100,1
DA:102,1
DA:103,1
DA:105,0
DA:106,0
DA:108,0
DA:113,1
DA:114,1
DA:115,1
DA:116,0
DA:119,1
DA:121,1
DA:122,0
DA:125,1
DA:127,0
DA:132,0
DA:133,0
DA:135,0
DA:137,0
DA:138,0
DA:141,0
DA:143,0
DA:148,0
DA:149,0
DA:150,0
DA:151,0
DA:154,0
DA:155,0
DA:156,0
DA:157,0
DA:159,0
DA:164,0
DA:165,0
DA:166,0
DA:167,0
DA:170,0
DA:171,0
DA:173,0
DA:178,0
DA:179,0
DA:180,0
DA:181,0
DA:184,0
DA:185,0
DA:187,0
LF:95
LH:33
BRDA:15,0,0,1
BRDA:15,0,1,0
BRDA:19,1,0,0
BRDA:19,1,1,0
BRDA:36,2,0,0
BRDA:36,2,1,0
BRDA:49,3,0,0
BRDA:49,3,1,0
BRDA:49,4,0,0
BRDA:49,4,1,0
BRDA:60,5,0,0
BRDA:60,5,1,0
BRDA:60,6,0,0
BRDA:60,6,1,0
BRDA:72,7,0,1
BRDA:72,7,1,1
BRDA:77,8,0,0
BRDA:77,8,1,1
BRDA:77,9,0,1
BRDA:77,9,1,1
BRDA:88,10,0,0
BRDA:88,10,1,1
BRDA:105,11,0,0
BRDA:105,11,1,0
BRDA:115,12,0,0
BRDA:115,12,1,1
BRDA:115,13,0,1
BRDA:115,13,1,1
BRDA:121,14,0,0
BRDA:121,14,1,1
BRDA:137,15,0,0
BRDA:137,15,1,0
BRDA:150,16,0,0
BRDA:150,16,1,0
BRDA:150,17,0,0
BRDA:150,17,1,0
BRDA:166,18,0,0
BRDA:166,18,1,0
BRDA:166,19,0,0
BRDA:166,19,1,0
BRDA:180,20,0,0
BRDA:180,20,1,0
BRDA:180,21,0,0
BRDA:180,21,1,0
BRF:44
BRH:11
end_of_record
TN:
SF:src\modules\boleto\dto\boleto.dto.ts
FN:61,(anonymous_0)
FN:80,(anonymous_1)
FN:97,(anonymous_2)
FNF:3
FNH:2
FNDA:1,(anonymous_0)
FNDA:0,(anonymous_1)
FNDA:1,(anonymous_2)
DA:60,1
DA:62,1
DA:79,1
DA:81,0
DA:96,1
DA:98,1
LF:6
LH:5
BRDA:63,0,0,1
BRDA:63,0,1,0
BRDA:64,1,0,1
BRDA:64,1,1,0
BRDA:65,2,0,1
BRDA:65,2,1,0
BRDA:66,3,0,1
BRDA:66,3,1,0
BRDA:67,4,0,1
BRDA:67,4,1,0
BRDA:69,5,0,1
BRDA:69,5,1,0
BRDA:70,6,0,1
BRDA:70,6,1,0
BRDA:71,7,0,1
BRDA:71,7,1,0
BRDA:72,8,0,1
BRDA:72,8,1,0
BRDA:73,9,0,0
BRDA:73,9,1,1
BRDA:74,10,0,0
BRDA:74,10,1,1
BRDA:82,11,0,0
BRDA:82,11,1,0
BRDA:83,12,0,0
BRDA:83,12,1,0
BRDA:84,13,0,0
BRDA:84,13,1,0
BRDA:85,14,0,0
BRDA:85,14,1,0
BRDA:86,15,0,0
BRDA:86,15,1,0
BRDA:87,16,0,0
BRDA:87,16,1,0
BRDA:88,17,0,0
BRDA:88,17,1,0
BRDA:89,18,0,0
BRDA:89,18,1,0
BRDA:90,19,0,0
BRDA:90,19,1,0
BRDA:91,20,0,0
BRDA:91,20,1,0
BRF:42
BRH:11
end_of_record
TN:
SF:src\modules\boleto\errors\boleto.errors.ts
FN:4,(anonymous_0)
FN:10,(anonymous_1)
FNF:2
FNH:2
FNDA:1,(anonymous_0)
FNDA:1,(anonymous_1)
DA:1,2
DA:3,2
DA:5,1
DA:9,2
DA:11,1
LF:5
LH:5
BRF:0
BRH:0
end_of_record
TN:
SF:src\modules\boleto\services\boleto.service.ts
FN:14,(anonymous_4)
FN:19,(anonymous_5)
FN:23,(anonymous_6)
FN:33,(anonymous_7)
FN:37,(anonymous_8)
FN:41,(anonymous_9)
FN:60,(anonymous_10)
FN:78,(anonymous_11)
FN:88,(anonymous_12)
FNF:9
FNH:0
FNDA:0,(anonymous_4)
FNDA:0,(anonymous_5)
FNDA:0,(anonymous_6)
FNDA:0,(anonymous_7)
FNDA:0,(anonymous_8)
FNDA:0,(anonymous_9)
FNDA:0,(anonymous_10)
FNDA:0,(anonymous_11)
FNDA:0,(anonymous_12)
DA:1,1
DA:9,1
DA:13,1
DA:16,0
DA:20,0
DA:24,0
DA:26,0
DA:27,0
DA:30,0
DA:34,0
DA:38,0
DA:42,0
DA:57,0
DA:61,0
DA:63,0
DA:64,0
DA:67,0
DA:73,0
DA:75,0
DA:79,0
DA:81,0
DA:82,0
DA:85,0
DA:89,0
DA:91,0
DA:92,0
DA:95,0
DA:96,0
LF:28
LH:3
BRDA:26,0,0,0
BRDA:26,0,1,0
BRDA:50,1,0,0
BRDA:50,1,1,0
BRDA:53,2,0,0
BRDA:53,2,1,0
BRDA:54,3,0,0
BRDA:54,3,1,0
BRDA:63,4,0,0
BRDA:63,4,1,0
BRDA:69,5,0,0
BRDA:69,5,1,0
BRDA:70,6,0,0
BRDA:70,6,1,0
BRDA:81,7,0,0
BRDA:81,7,1,0
BRDA:91,8,0,0
BRDA:91,8,1,0
BRF:18
BRH:0
end_of_record
TN:
SF:src\modules\boleto\validators\boleto.validator.ts
FN:32,validateCreateBoleto
FN:42,validateUpdateBoleto
FNF:2
FNH:2
FNDA:5,validateCreateBoleto
FNDA:2,validateUpdateBoleto
DA:1,2
DA:2,2
DA:4,2
DA:19,2
DA:32,2
DA:33,5
DA:35,5
DA:36,2
DA:39,3
DA:42,2
DA:43,2
DA:45,2
DA:46,0
DA:49,2
LF:14
LH:13
BRDA:35,0,0,2
BRDA:35,0,1,3
BRDA:45,1,0,0
BRDA:45,1,1,2
BRF:4
BRH:3
end_of_record
TN:
SF:src\modules\company-integration\errors\company-integration.errors.ts
FN:4,(anonymous_0)
FN:10,(anonymous_1)
FNF:2
FNH:2
FNDA:1,(anonymous_0)
FNDA:1,(anonymous_1)
DA:1,1
DA:3,1
DA:5,1
DA:9,1
DA:11,1
LF:5
LH:5
BRF:0
BRH:0
end_of_record
TN:
SF:src\modules\company-integration\validators\company-integration.validator.ts
FN:28,validateCreateCompanyIntegration
FN:38,validateUpdateCompanyIntegration
FNF:2
FNH:2
FNDA:7,validateCreateCompanyIntegration
FNDA:2,validateUpdateCompanyIntegration
DA:1,1
DA:2,1
DA:4,1
DA:6,1
DA:17,1
DA:28,1
DA:29,7
DA:31,7
DA:32,1
DA:35,6
DA:38,1
DA:39,2
DA:41,2
DA:42,0
DA:45,2
LF:15
LH:14
BRDA:31,0,0,1
BRDA:31,0,1,6
BRDA:41,1,0,0
BRDA:41,1,1,2
BRF:4
BRH:3
end_of_record
TN:
SF:src\modules\company-modulo\errors\company-modulo.errors.ts
FN:4,(anonymous_0)
FN:10,(anonymous_1)
FNF:2
FNH:2
FNDA:1,(anonymous_0)
FNDA:1,(anonymous_1)
DA:1,1
DA:3,1
DA:5,1
DA:9,1
DA:11,1
LF:5
LH:5
BRF:0
BRH:0
end_of_record
TN:
SF:src\modules\company-modulo\validators\company-modulo.validator.ts
FN:16,validateCreateCompanyModulo
FN:26,validateUpdateCompanyModulo
FNF:2
FNH:2
FNDA:3,validateCreateCompanyModulo
FNDA:2,validateUpdateCompanyModulo
DA:1,1
DA:2,1
DA:4,1
DA:10,1
DA:16,1
DA:17,3
DA:19,3
DA:20,2
DA:23,1
DA:26,1
DA:27,2
DA:29,2
DA:30,0
DA:33,2
LF:14
LH:13
BRDA:19,0,0,2
BRDA:19,0,1,1
BRDA:29,1,0,0
BRDA:29,1,1,2
BRF:4
BRH:3
end_of_record
TN:
SF:src\modules\company\dto\company.dto.ts
FN:33,(anonymous_0)
FN:44,(anonymous_1)
FN:55,(anonymous_2)
FNF:3
FNH:3
FNDA:2,(anonymous_0)
FNDA:1,(anonymous_1)
FNDA:1,(anonymous_2)
DA:32,1
DA:34,2
DA:43,1
DA:45,1
DA:54,1
DA:56,1
LF:6
LH:6
BRDA:35,0,0,2
BRDA:35,0,1,0
BRDA:36,1,0,2
BRDA:36,1,1,0
BRDA:37,2,0,1
BRDA:37,2,1,1
BRDA:38,3,0,1
BRDA:38,3,1,1
BRDA:46,4,0,1
BRDA:46,4,1,0
BRDA:47,5,0,0
BRDA:47,5,1,1
BRDA:48,6,0,0
BRDA:48,6,1,1
BRDA:49,7,0,0
BRDA:49,7,1,1
BRF:16
BRH:10
end_of_record
TN:
SF:src\modules\company\errors\company.errors.ts
FN:4,(anonymous_0)
FN:10,(anonymous_1)
FNF:2
FNH:2
FNDA:1,(anonymous_0)
FNDA:1,(anonymous_1)
DA:1,1
DA:3,1
DA:5,1
DA:9,1
DA:11,1
LF:5
LH:5
BRF:0
BRH:0
end_of_record
TN:
SF:src\modules\company\validators\company.validator.ts
FN:18,validateCreateCompany
FN:28,validateUpdateCompany
FNF:2
FNH:2
FNDA:5,validateCreateCompany
FNDA:3,validateUpdateCompany
DA:1,1
DA:2,1
DA:4,1
DA:11,1
DA:18,1
DA:19,5
DA:21,5
DA:22,3
DA:25,2
DA:28,1
DA:29,3
DA:31,3
DA:32,0
DA:35,3
LF:14
LH:13
BRDA:21,0,0,3
BRDA:21,0,1,2
BRDA:31,1,0,0
BRDA:31,1,1,3
BRF:4
BRH:3
end_of_record
TN:
SF:src\modules\modulo\errors\modulo.errors.ts
FN:4,(anonymous_0)
FN:10,(anonymous_1)
FNF:2
FNH:2
FNDA:1,(anonymous_0)
FNDA:1,(anonymous_1)
DA:1,1
DA:3,1
DA:5,1
DA:9,1
DA:11,1
LF:5
LH:5
BRF:0
BRH:0
end_of_record
TN:
SF:src\modules\modulo\validators\modulo.validator.ts
FN:18,validateCreateModulo
FN:28,validateUpdateModulo
FNF:2
FNH:2
FNDA:5,validateCreateModulo
FNDA:2,validateUpdateModulo
DA:1,1
DA:2,1
DA:4,1
DA:11,1
DA:18,1
DA:19,5
DA:21,5
DA:22,3
DA:25,2
DA:28,1
DA:29,2
DA:31,2
DA:32,0
DA:35,2
LF:14
LH:13
BRDA:21,0,0,3
BRDA:21,0,1,2
BRDA:31,1,0,0
BRDA:31,1,1,2
BRF:4
BRH:3
end_of_record
TN:
SF:src\modules\user-type\errors\user-type.errors.ts
FN:4,(anonymous_0)
FN:10,(anonymous_1)
FNF:2
FNH:2
FNDA:1,(anonymous_0)
FNDA:1,(anonymous_1)
DA:1,1
DA:3,1
DA:5,1
DA:9,1
DA:11,1
LF:5
LH:5
BRF:0
BRH:0
end_of_record
TN:
SF:src\modules\user-type\validators\user-type.validator.ts
FN:16,validateCreateUserType
FN:26,validateUpdateUserType
FNF:2
FNH:2
FNDA:6,validateCreateUserType
FNDA:2,validateUpdateUserType
DA:1,1
DA:2,1
DA:4,1
DA:6,1
DA:11,1
DA:16,1
DA:17,6
DA:19,6
DA:20,1
DA:23,5
DA:26,1
DA:27,2
DA:29,2
DA:30,0
DA:33,2
LF:15
LH:14
BRDA:19,0,0,1
BRDA:19,0,1,5
BRDA:29,1,0,0
BRDA:29,1,1,2
BRF:4
BRH:3
end_of_record
TN:
SF:src\modules\usuario\errors\usuario.errors.ts
FN:4,(anonymous_0)
FN:10,(anonymous_1)
FNF:2
FNH:2
FNDA:1,(anonymous_0)
FNDA:1,(anonymous_1)
DA:1,1
DA:3,1
DA:5,1
DA:9,1
DA:11,1
LF:5
LH:5
BRF:0
BRH:0
end_of_record
TN:
SF:src\modules\usuario\validators\usuario.validator.ts
FN:24,validateCreateUsuario
FN:34,validateUpdateUsuario
FNF:2
FNH:2
FNDA:5,validateCreateUsuario
FNDA:2,validateUpdateUsuario
DA:1,1
DA:2,1
DA:4,1
DA:6,1
DA:15,1
DA:24,1
DA:25,5
DA:27,5
DA:28,3
DA:31,2
DA:34,1
DA:35,2
DA:37,2
DA:38,0
DA:41,2
LF:15
LH:14
BRDA:27,0,0,3
BRDA:27,0,1,2
BRDA:37,1,0,0
BRDA:37,1,1,2
BRF:4
BRH:3
end_of_record
TN:
SF:src\shared\errors\AppError.ts
FN:6,(anonymous_0)
FN:15,(anonymous_1)
FN:21,(anonymous_2)
FN:27,(anonymous_3)
FN:33,(anonymous_4)
FN:39,(anonymous_5)
FN:43,(anonymous_6)
FNF:7
FNH:6
FNDA:41,(anonymous_0)
FNDA:18,(anonymous_1)
FNDA:0,(anonymous_2)
FNDA:10,(anonymous_3)
FNDA:8,(anonymous_4)
FNDA:2,(anonymous_5)
FNDA:1,(anonymous_6)
DA:1,16
DA:4,41
DA:7,41
DA:8,41
DA:9,41
DA:10,41
DA:14,16
DA:16,18
DA:20,16
DA:22,0
DA:26,16
DA:28,10
DA:32,16
DA:34,8
DA:38,16
DA:40,2
DA:44,1
DA:45,1
LF:18
LH:17
BRDA:6,0,0,1
BRDA:15,1,0,1
BRDA:21,2,0,0
BRDA:27,3,0,1
BRDA:33,4,0,1
BRDA:39,5,0,1
BRF:6
BRH:5
end_of_record
TN:
SF:src\shared\utils\logger.ts
FN:21,log
FN:36,(anonymous_2)
FN:37,(anonymous_3)
FN:38,(anonymous_4)
FN:39,(anonymous_5)
FN:40,(anonymous_6)
FNF:6
FNH:0
FNDA:0,log
FNDA:0,(anonymous_2)
FNDA:0,(anonymous_3)
FNDA:0,(anonymous_4)
FNDA:0,(anonymous_5)
FNDA:0,(anonymous_6)
DA:1,1
DA:5,1
DA:13,1
DA:22,0
DA:23,0
DA:24,0
DA:25,0
DA:26,0
DA:28,0
DA:29,0
DA:31,0
DA:35,1
DA:36,0
DA:37,0
DA:38,0
DA:39,0
DA:40,0
LF:17
LH:4
BRDA:28,0,0,0
BRDA:28,0,1,0
BRF:2
BRH:0
end_of_record
